{"meta": {"format": 3, "version": "7.15.2", "timestamp": "2026-08-01T13:01:56.132387", "branch_coverage": false, "show_contexts": false}, "files": {"app\\__init__.py": {"executed_lines": [], "summary": {"covered_lines": 0, "num_statements": 0, "percent_covered": 100.0, "percent_covered_display": "100", "missing_lines": 0, "excluded_lines": 0, "percent_statements_covered": 100.0, "percent_statements_covered_display": "100"}, "missing_lines": [], "excluded_lines": [], "functions": {"": {"executed_lines": [], "summary": {"covered_lines": 0, "num_statements": 0, "percent_covered": 100.0, "percent_covered_display": "100", "missing_lines": 0, "excluded_lines": 0, "percent_statements_covered": 100.0, "percent_statements_covered_display": "100"}, "missing_lines": [], "excluded_lines": [], "start_line": 1}}, "classes": {"": {"executed_lines": [], "summary": {"covered_lines": 0, "num_statements": 0, "percent_covered": 100.0, "percent_covered_display": "100", "missing_lines": 0, "excluded_lines": 0, "percent_statements_covered": 100.0, "percent_statements_covered_display": "100"}, "missing_lines": [], "excluded_lines": [], "start_line": 1}}}, "app\\config.py": {"executed_lines": [8, 10, 11, 12, 14, 15, 18, 19, 20, 21, 22, 24, 26, 27, 29, 31, 32, 33, 35, 39], "summary": {"covered_lines": 20, "num_statements": 27, "percent_covered": 74.07407407407408, "percent_covered_display": "74", "missing_lines": 7, "excluded_lines": 0, "percent_statements_covered": 74.07407407407408, "percent_statements_covered_display": "74"}, "missing_lines": [23, 25, 28, 30, 36, 37, 38], "excluded_lines": [], "functions": {"validate": {"executed_lines": [19, 20, 21, 22, 24, 26, 27, 29, 31, 32, 33, 35, 39], "summary": {"covered_lines": 13, "num_statements": 20, "percent_covered": 65.0, "percent_covered_display": "65", "missing_lines": 7, "excluded_lines": 0, "percent_statements_covered": 65.0, "percent_statements_covered_display": "65"}, "missing_lines": [23, 25, 28, 30, 36, 37, 38], "excluded_lines": [], "start_line": 18}, "": {"executed_lines": [8, 10, 11, 12, 14, 15, 18], "summary": {"covered_lines": 7, "num_statements": 7, "percent_covered": 100.0, "percent_covered_display": "100", "missing_lines": 0, "excluded_lines": 0, "percent_statements_covered": 100.0, "percent_statements_covered_display": "100"}, "missing_lines": [], "excluded_lines": [], "start_line": 1}}, "classes": {"": {"executed_lines": [8, 10, 11, 12, 14, 15, 18, 19, 20, 21, 22, 24, 26, 27, 29, 31, 32, 33, 35, 39], "summary": {"covered_lines": 20, "num_statements": 27, "percent_covered": 74.07407407407408, "percent_covered_display": "74", "missing_lines": 7, "excluded_lines": 0, "percent_statements_covered": 74.07407407407408, "percent_statements_covered_display": "74"}, "missing_lines": [23, 25, 28, 30, 36, 37, 38], "excluded_lines": [], "start_line": 1}}}, "app\\jobs.py": {"executed_lines": [21, 23, 24, 25, 26, 27, 28, 29, 31, 33, 34, 35, 36, 38, 39, 40, 41, 43, 45, 52, 53, 56, 57, 60, 61, 64, 65, 68, 69, 74, 75, 80, 81, 82, 85, 86, 89, 92, 95, 96, 97, 100, 102, 103, 104, 105, 109, 110, 115, 117, 118, 122, 123, 124, 127, 130, 133, 134, 136, 137, 138, 139, 144, 147, 148, 150, 151, 152, 153, 155, 156, 157, 159, 167, 170, 172, 175, 178, 179, 180, 181, 183, 184, 185, 187, 189, 190, 191, 193, 194, 195, 197, 198, 200, 201, 203, 205, 206, 214, 215, 216, 217, 218, 219, 220, 221, 222, 223, 226, 227, 228, 231, 232, 233, 234, 237, 238, 239, 240, 241, 242, 243, 244, 245, 246, 247, 248, 250, 251, 253, 254, 256, 258, 261, 262, 267, 268, 270, 271, 274, 275, 277, 278, 279, 280, 281, 282, 283, 284, 285, 286, 296, 298, 301, 302, 303, 306, 307, 308, 310, 311, 314, 315, 316, 317, 319, 321, 322, 323, 326, 337, 339, 340, 341, 362, 363, 366, 368, 371, 375, 376, 378, 379, 380, 381, 384, 386, 388, 389, 391, 393, 394, 395, 396, 397, 399, 401, 402, 403, 404, 405, 406, 408, 409, 410, 411, 413, 415, 419, 421, 425, 426, 427, 428, 429, 431, 432, 433, 435, 436, 437, 438, 442, 445, 446, 452, 453, 457, 459, 460, 461, 463, 469, 470, 474, 477, 480, 483, 499, 505], "summary": {"covered_lines": 240, "num_statements": 269, "percent_covered": 89.21933085501858, "percent_covered_display": "89", "missing_lines": 29, "excluded_lines": 0, "percent_statements_covered": 89.21933085501858, "percent_statements_covered_display": "89"}, "missing_lines": [111, 112, 297, 299, 372, 382, 387, 390, 434, 455, 456, 472, 473, 484, 486, 487, 488, 489, 490, 491, 492, 493, 494, 495, 496, 500, 501, 502, 506], "excluded_lines": [], "functions": {"_now": {"executed_lines": [57], "summary": {"covered_lines": 1, "num_statements": 1, "percent_covered": 100.0, "percent_covered_display": "100", "missing_lines": 0, "excluded_lines": 0, "percent_statements_covered": 100.0, "percent_statements_covered_display": "100"}, "missing_lines": [], "excluded_lines": [], "start_line": 56}, "_patch": {"executed_lines": [61, 64, 65], "summary": {"covered_lines": 3, "num_statements": 3, "percent_covered": 100.0, "percent_covered_display": "100", "missing_lines": 0, "excluded_lines": 0, "percent_statements_covered": 100.0, "percent_statements_covered_display": "100"}, "missing_lines": [], "excluded_lines": [], "start_line": 60}, "_insert": {"executed_lines": [69], "summary": {"covered_lines": 1, "num_statements": 1, "percent_covered": 100.0, "percent_covered_display": "100", "missing_lines": 0, "excluded_lines": 0, "percent_statements_covered": 100.0, "percent_statements_covered_display": "100"}, "missing_lines": [], "excluded_lines": [], "start_line": 68}, "set_project_status": {"executed_lines": [75], "summary": {"covered_lines": 1, "num_statements": 1, "percent_covered": 100.0, "percent_covered_display": "100", "missing_lines": 0, "excluded_lines": 0, "percent_statements_covered": 100.0, "percent_statements_covered_display": "100"}, "missing_lines": [], "excluded_lines": [], "start_line": 74}, "update_job": {"executed_lines": [81, 82], "summary": {"covered_lines": 2, "num_statements": 2, "percent_covered": 100.0, "percent_covered_display": "100", "missing_lines": 0, "excluded_lines": 0, "percent_statements_covered": 100.0, "percent_statements_covered_display": "100"}, "missing_lines": [], "excluded_lines": [], "start_line": 80}, "enqueue_job": {"executed_lines": [92, 95, 96, 97, 100, 102, 103, 104, 105, 109, 110], "summary": {"covered_lines": 11, "num_statements": 13, "percent_covered": 84.61538461538461, "percent_covered_display": "85", "missing_lines": 2, "excluded_lines": 0, "percent_statements_covered": 84.61538461538461, "percent_statements_covered_display": "85"}, "missing_lines": [111, 112], "excluded_lines": [], "start_line": 89}, "request_cancel": {"executed_lines": [117, 118, 122, 123, 124, 127, 130], "summary": {"covered_lines": 7, "num_statements": 7, "percent_covered": 100.0, "percent_covered_display": "100", "missing_lines": 0, "excluded_lines": 0, "percent_statements_covered": 100.0, "percent_statements_covered_display": "100"}, "missing_lines": [], "excluded_lines": [], "start_line": 115}, "_claim_next": {"executed_lines": [134, 136, 137, 138, 139, 144], "summary": {"covered_lines": 6, "num_statements": 6, "percent_covered": 100.0, "percent_covered_display": "100", "missing_lines": 0, "excluded_lines": 0, "percent_statements_covered": 100.0, "percent_statements_covered_display": "100"}, "missing_lines": [], "excluded_lines": [], "start_line": 133}, "recover_stale": {"executed_lines": [148, 150, 151, 152, 153, 155, 156, 157, 159, 167, 170, 172], "summary": {"covered_lines": 12, "num_statements": 12, "percent_covered": 100.0, "percent_covered_display": "100", "missing_lines": 0, "excluded_lines": 0, "percent_statements_covered": 100.0, "percent_statements_covered_display": "100"}, "missing_lines": [], "excluded_lines": [], "start_line": 147}, "JobContext.__init__": {"executed_lines": [179, 180, 181], "summary": {"covered_lines": 3, "num_statements": 3, "percent_covered": 100.0, "percent_covered_display": "100", "missing_lines": 0, "excluded_lines": 0, "percent_statements_covered": 100.0, "percent_statements_covered_display": "100"}, "missing_lines": [], "excluded_lines": [], "start_line": 178}, "JobContext.cancelled": {"executed_lines": [184, 185], "summary": {"covered_lines": 2, "num_statements": 2, "percent_covered": 100.0, "percent_covered_display": "100", "missing_lines": 0, "excluded_lines": 0, "percent_statements_covered": 100.0, "percent_statements_covered_display": "100"}, "missing_lines": [], "excluded_lines": [], "start_line": 183}, "JobContext.checkpoint": {"executed_lines": [189, 190, 191], "summary": {"covered_lines": 3, "num_statements": 3, "percent_covered": 100.0, "percent_covered_display": "100", "missing_lines": 0, "excluded_lines": 0, "percent_statements_covered": 100.0, "percent_statements_covered_display": "100"}, "missing_lines": [], "excluded_lines": [], "start_line": 187}, "JobContext.rec": {"executed_lines": [194, 195, 197, 198], "summary": {"covered_lines": 4, "num_statements": 4, "percent_covered": 100.0, "percent_covered_display": "100", "missing_lines": 0, "excluded_lines": 0, "percent_statements_covered": 100.0, "percent_statements_covered_display": "100"}, "missing_lines": [], "excluded_lines": [], "start_line": 193}, "JobContext.telemetry_status": {"executed_lines": [201, 203, 205, 206], "summary": {"covered_lines": 4, "num_statements": 4, "percent_covered": 100.0, "percent_covered_display": "100", "missing_lines": 0, "excluded_lines": 0, "percent_statements_covered": 100.0, "percent_statements_covered_display": "100"}, "missing_lines": [], "excluded_lines": [], "start_line": 200}, "_download_sources": {"executed_lines": [215, 216, 217, 218, 219, 220, 221, 222, 223], "summary": {"covered_lines": 9, "num_statements": 9, "percent_covered": 100.0, "percent_covered_display": "100", "missing_lines": 0, "excluded_lines": 0, "percent_statements_covered": 100.0, "percent_statements_covered_display": "100"}, "missing_lines": [], "excluded_lines": [], "start_line": 214}, "_load_segments": {"executed_lines": [227, 228], "summary": {"covered_lines": 2, "num_statements": 2, "percent_covered": 100.0, "percent_covered_display": "100", "missing_lines": 0, "excluded_lines": 0, "percent_statements_covered": 100.0, "percent_statements_covered_display": "100"}, "missing_lines": [], "excluded_lines": [], "start_line": 226}, "_upload_export": {"executed_lines": [232, 233, 234], "summary": {"covered_lines": 3, "num_statements": 3, "percent_covered": 100.0, "percent_covered_display": "100", "missing_lines": 0, "excluded_lines": 0, "percent_statements_covered": 100.0, "percent_statements_covered_display": "100"}, "missing_lines": [], "excluded_lines": [], "start_line": 231}, "handle_analysis": {"executed_lines": [238, 239, 240, 241, 242, 243, 244, 245, 246, 247, 248, 250, 258, 261, 262, 267, 268, 270, 271], "summary": {"covered_lines": 19, "num_statements": 19, "percent_covered": 100.0, "percent_covered_display": "100", "missing_lines": 0, "excluded_lines": 0, "percent_statements_covered": 100.0, "percent_statements_covered_display": "100"}, "missing_lines": [], "excluded_lines": [], "start_line": 237}, "handle_analysis.upload_cb": {"executed_lines": [251, 253, 254, 256], "summary": {"covered_lines": 4, "num_statements": 4, "percent_covered": 100.0, "percent_covered_display": "100", "missing_lines": 0, "excluded_lines": 0, "percent_statements_covered": 100.0, "percent_statements_covered_display": "100"}, "missing_lines": [], "excluded_lines": [], "start_line": 250}, "handle_autoedit": {"executed_lines": [275, 277, 278, 279, 280, 281, 282, 283, 284, 285, 286, 296, 298, 301, 302, 303, 306, 307, 308, 310, 311, 314, 315, 316, 317, 319, 321, 322, 323, 326, 337, 339, 340, 341, 362, 363, 366, 368], "summary": {"covered_lines": 38, "num_statements": 40, "percent_covered": 95.0, "percent_covered_display": "95", "missing_lines": 2, "excluded_lines": 0, "percent_statements_covered": 95.0, "percent_statements_covered_display": "95"}, "missing_lines": [297, 299], "excluded_lines": [], "start_line": 274}, "handle_revision": {"executed_lines": [], "summary": {"covered_lines": 0, "num_statements": 1, "percent_covered": 0.0, "percent_covered_display": "0", "missing_lines": 1, "excluded_lines": 0, "percent_statements_covered": 0.0, "percent_statements_covered_display": "0"}, "missing_lines": [372], "excluded_lines": [], "start_line": 371}, "handle_final_render": {"executed_lines": [376, 378, 379, 380, 381, 384, 386, 388, 389, 391, 393, 394, 395, 396, 397, 399, 401, 402, 403, 404, 405, 406, 408, 409, 410, 411, 413, 415], "summary": {"covered_lines": 28, "num_statements": 31, "percent_covered": 90.3225806451613, "percent_covered_display": "90", "missing_lines": 3, "excluded_lines": 0, "percent_statements_covered": 90.3225806451613, "percent_statements_covered_display": "90"}, "missing_lines": [382, 387, 390], "excluded_lines": [], "start_line": 375}, "_run_job": {"executed_lines": [426, 427, 428, 429, 431, 432, 433, 435, 436, 437, 438, 442, 445, 446, 452, 453, 457, 459, 460, 461, 463, 469, 470, 474, 477], "summary": {"covered_lines": 25, "num_statements": 30, "percent_covered": 83.33333333333333, "percent_covered_display": "83", "missing_lines": 5, "excluded_lines": 0, "percent_statements_covered": 83.33333333333333, "percent_statements_covered_display": "83"}, "missing_lines": [434, 455, 456, 472, 473], "excluded_lines": [], "start_line": 425}, "worker_loop": {"executed_lines": [], "summary": {"covered_lines": 0, "num_statements": 12, "percent_covered": 0.0, "percent_covered_display": "0", "missing_lines": 12, "excluded_lines": 0, "percent_statements_covered": 0.0, "percent_statements_covered_display": "0"}, "missing_lines": [484, 486, 487, 488, 489, 490, 491, 492, 493, 494, 495, 496], "excluded_lines": [], "start_line": 483}, "start_worker": {"executed_lines": [], "summary": {"covered_lines": 0, "num_statements": 3, "percent_covered": 0.0, "percent_covered_display": "0", "missing_lines": 3, "excluded_lines": 0, "percent_statements_covered": 0.0, "percent_statements_covered_display": "0"}, "missing_lines": [500, 501, 502], "excluded_lines": [], "start_line": 499}, "stop_worker": {"executed_lines": [], "summary": {"covered_lines": 0, "num_statements": 1, "percent_covered": 0.0, "percent_covered_display": "0", "missing_lines": 1, "excluded_lines": 0, "percent_statements_covered": 0.0, "percent_statements_covered_display": "0"}, "missing_lines": [506], "excluded_lines": [], "start_line": 505}, "": {"executed_lines": [21, 23, 24, 25, 26, 27, 28, 29, 31, 33, 34, 35, 36, 38, 39, 40, 41, 43, 45, 52, 53, 56, 60, 68, 74, 80, 85, 86, 89, 115, 133, 147, 175, 178, 183, 187, 193, 200, 214, 226, 231, 237, 274, 371, 375, 419, 421, 425, 480, 483, 499, 505], "summary": {"covered_lines": 52, "num_statements": 52, "percent_covered": 100.0, "percent_covered_display": "100", "missing_lines": 0, "excluded_lines": 0, "percent_statements_covered": 100.0, "percent_statements_covered_display": "100"}, "missing_lines": [], "excluded_lines": [], "start_line": 1}}, "classes": {"JobCancelled": {"executed_lines": [], "summary": {"covered_lines": 0, "num_statements": 0, "percent_covered": 100.0, "percent_covered_display": "100", "missing_lines": 0, "excluded_lines": 0, "percent_statements_covered": 100.0, "percent_statements_covered_display": "100"}, "missing_lines": [], "excluded_lines": [], "start_line": 52}, "ConcurrencyLimit": {"executed_lines": [], "summary": {"covered_lines": 0, "num_statements": 0, "percent_covered": 100.0, "percent_covered_display": "100", "missing_lines": 0, "excluded_lines": 0, "percent_statements_covered": 100.0, "percent_statements_covered_display": "100"}, "missing_lines": [], "excluded_lines": [], "start_line": 85}, "JobContext": {"executed_lines": [179, 180, 181, 184, 185, 189, 190, 191, 194, 195, 197, 198, 201, 203, 205, 206], "summary": {"covered_lines": 16, "num_statements": 16, "percent_covered": 100.0, "percent_covered_display": "100", "missing_lines": 0, "excluded_lines": 0, "percent_statements_covered": 100.0, "percent_statements_covered_display": "100"}, "missing_lines": [], "excluded_lines": [], "start_line": 175}, "": {"executed_lines": [21, 23, 24, 25, 26, 27, 28, 29, 31, 33, 34, 35, 36, 38, 39, 40, 41, 43, 45, 52, 53, 56, 57, 60, 61, 64, 65, 68, 69, 74, 75, 80, 81, 82, 85, 86, 89, 92, 95, 96, 97, 100, 102, 103, 104, 105, 109, 110, 115, 117, 118, 122, 123, 124, 127, 130, 133, 134, 136, 137, 138, 139, 144, 147, 148, 150, 151, 152, 153, 155, 156, 157, 159, 167, 170, 172, 175, 178, 183, 187, 193, 200, 214, 215, 216, 217, 218, 219, 220, 221, 222, 223, 226, 227, 228, 231, 232, 233, 234, 237, 238, 239, 240, 241, 242, 243, 244, 245, 246, 247, 248, 250, 251, 253, 254, 256, 258, 261, 262, 267, 268, 270, 271, 274, 275, 277, 278, 279, 280, 281, 282, 283, 284, 285, 286, 296, 298, 301, 302, 303, 306, 307, 308, 310, 311, 314, 315, 316, 317, 319, 321, 322, 323, 326, 337, 339, 340, 341, 362, 363, 366, 368, 371, 375, 376, 378, 379, 380, 381, 384, 386, 388, 389, 391, 393, 394, 395, 396, 397, 399, 401, 402, 403, 404, 405, 406, 408, 409, 410, 411, 413, 415, 419, 421, 425, 426, 427, 428, 429, 431, 432, 433, 435, 436, 437, 438, 442, 445, 446, 452, 453, 457, 459, 460, 461, 463, 469, 470, 474, 477, 480, 483, 499, 505], "summary": {"covered_lines": 224, "num_statements": 253, "percent_covered": 88.53754940711462, "percent_covered_display": "89", "missing_lines": 29, "excluded_lines": 0, "percent_statements_covered": 88.53754940711462, "percent_statements_covered_display": "89"}, "missing_lines": [111, 112, 297, 299, 372, 382, 387, 390, 434, 455, 456, 472, 473, 484, 486, 487, 488, 489, 490, 491, 492, 493, 494, 495, 496, 500, 501, 502, 506], "excluded_lines": [], "start_line": 1}}}, "app\\logging_util.py": {"executed_lines": [3, 5, 6, 7, 10, 11, 12, 13, 14], "summary": {"covered_lines": 9, "num_statements": 11, "percent_covered": 81.81818181818181, "percent_covered_display": "82", "missing_lines": 2, "excluded_lines": 0, "percent_statements_covered": 81.81818181818181, "percent_statements_covered_display": "82"}, "missing_lines": [15, 16], "excluded_lines": [], "functions": {"log_event": {"executed_lines": [11, 12, 13, 14], "summary": {"covered_lines": 4, "num_statements": 6, "percent_covered": 66.66666666666667, "percent_covered_display": "67", "missing_lines": 2, "excluded_lines": 0, "percent_statements_covered": 66.66666666666667, "percent_statements_covered_display": "67"}, "missing_lines": [15, 16], "excluded_lines": [], "start_line": 10}, "": {"executed_lines": [3, 5, 6, 7, 10], "summary": {"covered_lines": 5, "num_statements": 5, "percent_covered": 100.0, "percent_covered_display": "100", "missing_lines": 0, "excluded_lines": 0, "percent_statements_covered": 100.0, "percent_statements_covered_display": "100"}, "missing_lines": [], "excluded_lines": [], "start_line": 1}}, "classes": {"": {"executed_lines": [3, 5, 6, 7, 10, 11, 12, 13, 14], "summary": {"covered_lines": 9, "num_statements": 11, "percent_covered": 81.81818181818181, "percent_covered_display": "82", "missing_lines": 2, "excluded_lines": 0, "percent_statements_covered": 81.81818181818181, "percent_statements_covered_display": "82"}, "missing_lines": [15, 16], "excluded_lines": [], "start_line": 1}}}, "app\\main.py": {"executed_lines": [18, 20, 21, 22, 23, 24, 26, 27, 28, 30, 32, 34, 35, 36, 38, 40, 43, 51, 52, 55, 56, 59, 60, 65, 67, 68, 69, 70, 71, 73, 74, 75, 77, 78, 96, 97, 101, 104, 105, 110, 111, 114, 115, 116, 117, 121, 125, 126, 130, 134, 136, 144, 147, 148, 155, 159, 162, 163, 164, 165, 166, 167, 168, 172, 173, 174, 175, 176, 178, 182, 183, 186, 187, 188, 189, 190, 191, 192, 193, 194, 197, 198, 199, 200, 201, 202, 205, 206, 207, 208, 209, 210, 213, 214, 217, 229, 230, 231, 233, 234, 235, 236, 242, 243, 244, 247, 249, 252, 253, 254, 255, 260, 261, 262, 263, 264, 267, 268, 271, 272, 273, 274, 275, 277, 278, 279, 282, 285, 286, 288, 291, 292, 294, 297, 298, 300, 303, 304, 306, 309, 310, 311, 312, 313, 314, 315, 316, 317, 318, 321, 322, 323, 324, 325, 326, 328, 329, 330, 331, 332, 333, 334, 335, 338, 339, 343, 344, 345, 346, 348, 349, 350, 351, 353, 354, 357, 360, 361, 362, 363, 366, 367, 370, 372, 373, 374, 375, 376, 377, 378, 379, 381, 384, 385, 386, 389, 390, 391, 399, 400, 401, 405, 406, 407, 410, 411, 413, 414, 415, 416, 417, 418, 419, 420, 421, 422, 424, 425, 426, 429, 435, 438, 439, 440, 441, 442, 443, 444, 445, 446, 449, 450, 451, 452, 455, 456, 461, 462, 463, 464, 465, 466, 467, 468, 469, 471, 477, 479, 482, 483, 486, 487, 490, 491, 492, 493, 498, 499, 500, 501, 503, 504, 505, 506, 512, 515, 516], "summary": {"covered_lines": 267, "num_statements": 332, "percent_covered": 80.42168674698796, "percent_covered_display": "80", "missing_lines": 65, "excluded_lines": 0, "percent_statements_covered": 80.42168674698796, "percent_statements_covered_display": "80"}, "missing_lines": [79, 81, 83, 85, 87, 98, 99, 107, 122, 123, 124, 131, 132, 133, 135, 149, 150, 151, 152, 245, 246, 280, 281, 327, 347, 355, 356, 380, 478, 519, 520, 521, 522, 523, 524, 527, 528, 529, 530, 531, 532, 533, 534, 537, 538, 539, 540, 541, 543, 546, 547, 548, 549, 550, 551, 552, 553, 554, 556, 557, 559, 560, 563, 567, 569], "excluded_lines": [], "functions": {"_now": {"executed_lines": [56], "summary": {"covered_lines": 1, "num_statements": 1, "percent_covered": 100.0, "percent_covered_display": "100", "missing_lines": 0, "excluded_lines": 0, "percent_statements_covered": 100.0, "percent_statements_covered_display": "100"}, "missing_lines": [], "excluded_lines": [], "start_line": 55}, "_fail_job": {"executed_lines": [60], "summary": {"covered_lines": 1, "num_statements": 1, "percent_covered": 100.0, "percent_covered_display": "100", "missing_lines": 0, "excluded_lines": 0, "percent_statements_covered": 100.0, "percent_statements_covered_display": "100"}, "missing_lines": [], "excluded_lines": [], "start_line": 59}, "_run_render_job": {"executed_lines": [67, 68, 69, 70, 71, 73, 74, 75, 77, 78, 96, 97, 101], "summary": {"covered_lines": 13, "num_statements": 20, "percent_covered": 65.0, "percent_covered_display": "65", "missing_lines": 7, "excluded_lines": 0, "percent_statements_covered": 65.0, "percent_statements_covered_display": "65"}, "missing_lines": [79, 81, 83, 85, 87, 98, 99], "excluded_lines": [], "start_line": 65}, "healthz": {"executed_lines": [], "summary": {"covered_lines": 0, "num_statements": 1, "percent_covered": 0.0, "percent_covered_display": "0", "missing_lines": 1, "excluded_lines": 0, "percent_statements_covered": 0.0, "percent_statements_covered_display": "0"}, "missing_lines": [107], "excluded_lines": [], "start_line": 105}, "readyz": {"executed_lines": [114, 115, 116, 117, 121, 125, 126, 130, 134, 136], "summary": {"covered_lines": 10, "num_statements": 17, "percent_covered": 58.8235294117647, "percent_covered_display": "59", "missing_lines": 7, "excluded_lines": 0, "percent_statements_covered": 58.8235294117647, "percent_statements_covered_display": "59"}, "missing_lines": [122, 123, 124, 131, 132, 133, 135], "excluded_lines": [], "start_line": 111}, "_lifespan": {"executed_lines": [], "summary": {"covered_lines": 0, "num_statements": 4, "percent_covered": 0.0, "percent_covered_display": "0", "missing_lines": 4, "excluded_lines": 0, "percent_statements_covered": 0.0, "percent_statements_covered_display": "0"}, "missing_lines": [149, 150, 151, 152], "excluded_lines": [], "start_line": 148}, "_body_size_limit": {"executed_lines": [164, 165, 166, 167, 168], "summary": {"covered_lines": 5, "num_statements": 5, "percent_covered": 100.0, "percent_covered_display": "100", "missing_lines": 0, "excluded_lines": 0, "percent_statements_covered": 100.0, "percent_statements_covered_display": "100"}, "missing_lines": [], "excluded_lines": [], "start_line": 163}, "_unhandled": {"executed_lines": [174, 175, 176, 178], "summary": {"covered_lines": 4, "num_statements": 4, "percent_covered": 100.0, "percent_covered_display": "100", "missing_lines": 0, "excluded_lines": 0, "percent_statements_covered": 100.0, "percent_statements_covered_display": "100"}, "missing_lines": [], "excluded_lines": [], "start_line": 173}, "_rate_check": {"executed_lines": [187, 188, 189, 190, 191, 192, 193, 194], "summary": {"covered_lines": 8, "num_statements": 8, "percent_covered": 100.0, "percent_covered_display": "100", "missing_lines": 0, "excluded_lines": 0, "percent_statements_covered": 100.0, "percent_statements_covered_display": "100"}, "missing_lines": [], "excluded_lines": [], "start_line": 186}, "_auth_user": {"executed_lines": [198, 199, 200, 201, 202], "summary": {"covered_lines": 5, "num_statements": 5, "percent_covered": 100.0, "percent_covered_display": "100", "missing_lines": 0, "excluded_lines": 0, "percent_statements_covered": 100.0, "percent_statements_covered_display": "100"}, "missing_lines": [], "excluded_lines": [], "start_line": 197}, "_require_operator": {"executed_lines": [206, 207, 208, 209, 210], "summary": {"covered_lines": 5, "num_statements": 5, "percent_covered": 100.0, "percent_covered_display": "100", "missing_lines": 0, "excluded_lines": 0, "percent_statements_covered": 100.0, "percent_statements_covered_display": "100"}, "missing_lines": [], "excluded_lines": [], "start_line": 205}, "_audit": {"executed_lines": [229, 230, 231, 233, 234, 235, 236, 242, 243, 244, 247, 249], "summary": {"covered_lines": 12, "num_statements": 14, "percent_covered": 85.71428571428571, "percent_covered_display": "86", "missing_lines": 2, "excluded_lines": 0, "percent_statements_covered": 85.71428571428571, "percent_statements_covered_display": "86"}, "missing_lines": [245, 246], "excluded_lines": [], "start_line": 217}, "_audit_failure": {"executed_lines": [254, 255], "summary": {"covered_lines": 2, "num_statements": 2, "percent_covered": 100.0, "percent_covered_display": "100", "missing_lines": 0, "excluded_lines": 0, "percent_statements_covered": 100.0, "percent_statements_covered_display": "100"}, "missing_lines": [], "excluded_lines": [], "start_line": 253}, "_get_project": {"executed_lines": [261, 262, 263, 264], "summary": {"covered_lines": 4, "num_statements": 4, "percent_covered": 100.0, "percent_covered_display": "100", "missing_lines": 0, "excluded_lines": 0, "percent_statements_covered": 100.0, "percent_statements_covered_display": "100"}, "missing_lines": [], "excluded_lines": [], "start_line": 260}, "_enqueue": {"executed_lines": [272, 273, 274, 275, 277, 278, 279, 282], "summary": {"covered_lines": 8, "num_statements": 10, "percent_covered": 80.0, "percent_covered_display": "80", "missing_lines": 2, "excluded_lines": 0, "percent_statements_covered": 80.0, "percent_statements_covered_display": "80"}, "missing_lines": [280, 281], "excluded_lines": [], "start_line": 271}, "op_analyze": {"executed_lines": [288], "summary": {"covered_lines": 1, "num_statements": 1, "percent_covered": 100.0, "percent_covered_display": "100", "missing_lines": 0, "excluded_lines": 0, "percent_statements_covered": 100.0, "percent_statements_covered_display": "100"}, "missing_lines": [], "excluded_lines": [], "start_line": 286}, "op_generate_draft": {"executed_lines": [294], "summary": {"covered_lines": 1, "num_statements": 1, "percent_covered": 100.0, "percent_covered_display": "100", "missing_lines": 0, "excluded_lines": 0, "percent_statements_covered": 100.0, "percent_statements_covered_display": "100"}, "missing_lines": [], "excluded_lines": [], "start_line": 292}, "op_revise": {"executed_lines": [300], "summary": {"covered_lines": 1, "num_statements": 1, "percent_covered": 100.0, "percent_covered_display": "100", "missing_lines": 0, "excluded_lines": 0, "percent_statements_covered": 100.0, "percent_statements_covered_display": "100"}, "missing_lines": [], "excluded_lines": [], "start_line": 298}, "op_render_final": {"executed_lines": [306], "summary": {"covered_lines": 1, "num_statements": 1, "percent_covered": 100.0, "percent_covered_display": "100", "missing_lines": 0, "excluded_lines": 0, "percent_statements_covered": 100.0, "percent_statements_covered_display": "100"}, "missing_lines": [], "excluded_lines": [], "start_line": 304}, "op_get_job": {"executed_lines": [311, 312, 313, 314, 315, 316, 317, 318], "summary": {"covered_lines": 8, "num_statements": 8, "percent_covered": 100.0, "percent_covered_display": "100", "missing_lines": 0, "excluded_lines": 0, "percent_statements_covered": 100.0, "percent_statements_covered_display": "100"}, "missing_lines": [], "excluded_lines": [], "start_line": 310}, "op_retry_job": {"executed_lines": [323, 324, 325, 326, 328, 329, 330, 331, 332, 333, 334, 335], "summary": {"covered_lines": 12, "num_statements": 13, "percent_covered": 92.3076923076923, "percent_covered_display": "92", "missing_lines": 1, "excluded_lines": 0, "percent_statements_covered": 92.3076923076923, "percent_statements_covered_display": "92"}, "missing_lines": [327], "excluded_lines": [], "start_line": 322}, "op_cancel_job": {"executed_lines": [343, 344, 345, 346, 348, 349, 350, 351, 353, 354, 357], "summary": {"covered_lines": 11, "num_statements": 14, "percent_covered": 78.57142857142857, "percent_covered_display": "79", "missing_lines": 3, "excluded_lines": 0, "percent_statements_covered": 78.57142857142857, "percent_statements_covered_display": "79"}, "missing_lines": [347, 355, 356], "excluded_lines": [], "start_line": 339}, "op_timeline_ops": {"executed_lines": [370, 372, 373, 374, 375, 376, 377, 378, 379, 381, 384, 385, 386, 389, 390, 391, 399, 400, 401], "summary": {"covered_lines": 19, "num_statements": 20, "percent_covered": 95.0, "percent_covered_display": "95", "missing_lines": 1, "excluded_lines": 0, "percent_statements_covered": 95.0, "percent_statements_covered_display": "95"}, "missing_lines": [380], "excluded_lines": [], "start_line": 367}, "op_flag_segment": {"executed_lines": [413, 414, 415, 416, 417, 418, 419, 420, 421, 422, 424, 425, 426, 429, 435], "summary": {"covered_lines": 15, "num_statements": 15, "percent_covered": 100.0, "percent_covered_display": "100", "missing_lines": 0, "excluded_lines": 0, "percent_statements_covered": 100.0, "percent_statements_covered_display": "100"}, "missing_lines": [], "excluded_lines": [], "start_line": 411}, "op_coverage": {"executed_lines": [440, 441, 442, 443, 444, 445, 446], "summary": {"covered_lines": 7, "num_statements": 7, "percent_covered": 100.0, "percent_covered_display": "100", "missing_lines": 0, "excluded_lines": 0, "percent_statements_covered": 100.0, "percent_statements_covered_display": "100"}, "missing_lines": [], "excluded_lines": [], "start_line": 439}, "op_sign_url": {"executed_lines": [461, 462, 463, 464, 465, 466, 467, 468, 469, 471, 477, 479], "summary": {"covered_lines": 12, "num_statements": 13, "percent_covered": 92.3076923076923, "percent_covered_display": "92", "missing_lines": 1, "excluded_lines": 0, "percent_statements_covered": 92.3076923076923, "percent_statements_covered_display": "92"}, "missing_lines": [478], "excluded_lines": [], "start_line": 456}, "op_patch_evaluation": {"executed_lines": [490, 491, 492, 493, 498, 499, 500, 501, 503, 504, 505, 506, 512], "summary": {"covered_lines": 13, "num_statements": 13, "percent_covered": 100.0, "percent_covered_display": "100", "missing_lines": 0, "excluded_lines": 0, "percent_statements_covered": 100.0, "percent_statements_covered_display": "100"}, "missing_lines": [], "excluded_lines": [], "start_line": 487}, "start_render": {"executed_lines": [], "summary": {"covered_lines": 0, "num_statements": 36, "percent_covered": 0.0, "percent_covered_display": "0", "missing_lines": 36, "excluded_lines": 0, "percent_statements_covered": 0.0, "percent_statements_covered_display": "0"}, "missing_lines": [519, 520, 521, 522, 523, 524, 527, 528, 529, 530, 531, 532, 533, 534, 537, 538, 539, 540, 541, 543, 546, 547, 548, 549, 550, 551, 552, 553, 554, 556, 557, 559, 560, 563, 567, 569], "excluded_lines": [], "start_line": 516}, "": {"executed_lines": [18, 20, 21, 22, 23, 24, 26, 27, 28, 30, 32, 34, 35, 36, 38, 40, 43, 51, 52, 55, 59, 65, 104, 105, 110, 111, 144, 147, 148, 155, 159, 162, 163, 172, 173, 182, 183, 186, 197, 205, 213, 214, 217, 252, 253, 260, 267, 268, 271, 285, 286, 291, 292, 297, 298, 303, 304, 309, 310, 321, 322, 338, 339, 360, 361, 362, 363, 366, 367, 405, 406, 407, 410, 411, 438, 439, 449, 450, 451, 452, 455, 456, 482, 483, 486, 487, 515, 516], "summary": {"covered_lines": 88, "num_statements": 88, "percent_covered": 100.0, "percent_covered_display": "100", "missing_lines": 0, "excluded_lines": 0, "percent_statements_covered": 100.0, "percent_statements_covered_display": "100"}, "missing_lines": [], "excluded_lines": [], "start_line": 1}}, "classes": {"RenderRequest": {"executed_lines": [], "summary": {"covered_lines": 0, "num_statements": 0, "percent_covered": 100.0, "percent_covered_display": "100", "missing_lines": 0, "excluded_lines": 0, "percent_statements_covered": 100.0, "percent_statements_covered_display": "100"}, "missing_lines": [], "excluded_lines": [], "start_line": 51}, "AuditFailure": {"executed_lines": [], "summary": {"covered_lines": 0, "num_statements": 0, "percent_covered": 100.0, "percent_covered_display": "100", "missing_lines": 0, "excluded_lines": 0, "percent_statements_covered": 100.0, "percent_statements_covered_display": "100"}, "missing_lines": [], "excluded_lines": [], "start_line": 213}, "JobParams": {"executed_lines": [], "summary": {"covered_lines": 0, "num_statements": 0, "percent_covered": 100.0, "percent_covered_display": "100", "missing_lines": 0, "excluded_lines": 0, "percent_statements_covered": 100.0, "percent_statements_covered_display": "100"}, "missing_lines": [], "excluded_lines": [], "start_line": 267}, "TimelineOpsBody": {"executed_lines": [], "summary": {"covered_lines": 0, "num_statements": 0, "percent_covered": 100.0, "percent_covered_display": "100", "missing_lines": 0, "excluded_lines": 0, "percent_statements_covered": 100.0, "percent_statements_covered_display": "100"}, "missing_lines": [], "excluded_lines": [], "start_line": 360}, "SegmentFlagBody": {"executed_lines": [], "summary": {"covered_lines": 0, "num_statements": 0, "percent_covered": 100.0, "percent_covered_display": "100", "missing_lines": 0, "excluded_lines": 0, "percent_statements_covered": 100.0, "percent_statements_covered_display": "100"}, "missing_lines": [], "excluded_lines": [], "start_line": 405}, "SignBody": {"executed_lines": [], "summary": {"covered_lines": 0, "num_statements": 0, "percent_covered": 100.0, "percent_covered_display": "100", "missing_lines": 0, "excluded_lines": 0, "percent_statements_covered": 100.0, "percent_statements_covered_display": "100"}, "missing_lines": [], "excluded_lines": [], "start_line": 449}, "EvalPatch": {"executed_lines": [], "summary": {"covered_lines": 0, "num_statements": 0, "percent_covered": 100.0, "percent_covered_display": "100", "missing_lines": 0, "excluded_lines": 0, "percent_statements_covered": 100.0, "percent_statements_covered_display": "100"}, "missing_lines": [], "excluded_lines": [], "start_line": 482}, "": {"executed_lines": [18, 20, 21, 22, 23, 24, 26, 27, 28, 30, 32, 34, 35, 36, 38, 40, 43, 51, 52, 55, 56, 59, 60, 65, 67, 68, 69, 70, 71, 73, 74, 75, 77, 78, 96, 97, 101, 104, 105, 110, 111, 114, 115, 116, 117, 121, 125, 126, 130, 134, 136, 144, 147, 148, 155, 159, 162, 163, 164, 165, 166, 167, 168, 172, 173, 174, 175, 176, 178, 182, 183, 186, 187, 188, 189, 190, 191, 192, 193, 194, 197, 198, 199, 200, 201, 202, 205, 206, 207, 208, 209, 210, 213, 214, 217, 229, 230, 231, 233, 234, 235, 236, 242, 243, 244, 247, 249, 252, 253, 254, 255, 260, 261, 262, 263, 264, 267, 268, 271, 272, 273, 274, 275, 277, 278, 279, 282, 285, 286, 288, 291, 292, 294, 297, 298, 300, 303, 304, 306, 309, 310, 311, 312, 313, 314, 315, 316, 317, 318, 321, 322, 323, 324, 325, 326, 328, 329, 330, 331, 332, 333, 334, 335, 338, 339, 343, 344, 345, 346, 348, 349, 350, 351, 353, 354, 357, 360, 361, 362, 363, 366, 367, 370, 372, 373, 374, 375, 376, 377, 378, 379, 381, 384, 385, 386, 389, 390, 391, 399, 400, 401, 405, 406, 407, 410, 411, 413, 414, 415, 416, 417, 418, 419, 420, 421, 422, 424, 425, 426, 429, 435, 438, 439, 440, 441, 442, 443, 444, 445, 446, 449, 450, 451, 452, 455, 456, 461, 462, 463, 464, 465, 466, 467, 468, 469, 471, 477, 479, 482, 483, 486, 487, 490, 491, 492, 493, 498, 499, 500, 501, 503, 504, 505, 506, 512, 515, 516], "summary": {"covered_lines": 267, "num_statements": 332, "percent_covered": 80.42168674698796, "percent_covered_display": "80", "missing_lines": 65, "excluded_lines": 0, "percent_statements_covered": 80.42168674698796, "percent_statements_covered_display": "80"}, "missing_lines": [79, 81, 83, 85, 87, 98, 99, 107, 122, 123, 124, 131, 132, 133, 135, 149, 150, 151, 152, 245, 246, 280, 281, 327, 347, 355, 356, 380, 478, 519, 520, 521, 522, 523, 524, 527, 528, 529, 530, 531, 532, 533, 534, 537, 538, 539, 540, 541, 543, 546, 547, 548, 549, 550, 551, 552, 553, 554, 556, 557, 559, 560, 563, 567, 569], "excluded_lines": [], "start_line": 1}}}, "app\\pipeline\\__init__.py": {"executed_lines": [], "summary": {"covered_lines": 0, "num_statements": 0, "percent_covered": 100.0, "percent_covered_display": "100", "missing_lines": 0, "excluded_lines": 0, "percent_statements_covered": 100.0, "percent_statements_covered_display": "100"}, "missing_lines": [], "excluded_lines": [], "functions": {"": {"executed_lines": [], "summary": {"covered_lines": 0, "num_statements": 0, "percent_covered": 100.0, "percent_covered_display": "100", "missing_lines": 0, "excluded_lines": 0, "percent_statements_covered": 100.0, "percent_statements_covered_display": "100"}, "missing_lines": [], "excluded_lines": [], "start_line": 1}}, "classes": {"": {"executed_lines": [], "summary": {"covered_lines": 0, "num_statements": 0, "percent_covered": 100.0, "percent_covered_display": "100", "missing_lines": 0, "excluded_lines": 0, "percent_statements_covered": 100.0, "percent_statements_covered_display": "100"}, "missing_lines": [], "excluded_lines": [], "start_line": 1}}}, "app\\pipeline\\autoedit.py": {"executed_lines": [17, 19, 20, 21, 23, 24, 25, 26, 27, 28, 29, 30, 31, 33, 36, 37, 38, 41, 54, 55, 56, 58, 59, 60, 61, 62, 63, 64, 65, 68, 69, 70, 73, 76, 77, 82, 83, 84, 85, 88, 89, 90, 91, 92, 95, 97, 99, 100, 102, 103, 104, 109, 113, 114, 118, 119, 120, 122, 123, 124, 127, 128, 129, 130, 132, 133, 134, 138, 139, 140, 142, 146, 147, 149, 150, 151, 153, 154, 155, 157, 161, 162, 166, 169, 170, 171, 172, 176, 177, 178, 179, 182, 191, 217], "summary": {"covered_lines": 94, "num_statements": 128, "percent_covered": 73.4375, "percent_covered_display": "73", "missing_lines": 34, "excluded_lines": 0, "percent_statements_covered": 73.4375, "percent_statements_covered_display": "73"}, "missing_lines": [74, 78, 79, 80, 81, 121, 125, 131, 143, 145, 167, 183, 184, 185, 186, 187, 188, 192, 193, 195, 197, 198, 199, 201, 202, 203, 204, 205, 206, 208, 209, 210, 214, 218], "excluded_lines": [], "functions": {"_save": {"executed_lines": [37, 38], "summary": {"covered_lines": 2, "num_statements": 2, "percent_covered": 100.0, "percent_covered_display": "100", "missing_lines": 0, "excluded_lines": 0, "percent_statements_covered": 100.0, "percent_statements_covered_display": "100"}, "missing_lines": [], "excluded_lines": [], "start_line": 36}, "autoedit": {"executed_lines": [54, 55, 56, 58, 65, 68, 69, 70, 73, 76, 77, 82, 83, 84, 85, 88, 89, 90, 91, 92, 95, 97, 99, 100, 102, 103, 104, 109, 113, 114, 118, 119, 120, 122, 123, 124, 127, 128, 129, 130, 132, 133, 134, 138, 139, 140, 142, 146, 147, 149, 150, 151, 153, 154, 155, 157, 161, 162, 166, 169, 170, 171, 172, 176, 177, 178, 179], "summary": {"covered_lines": 67, "num_statements": 78, "percent_covered": 85.8974358974359, "percent_covered_display": "86", "missing_lines": 11, "excluded_lines": 0, "percent_statements_covered": 85.8974358974359, "percent_statements_covered_display": "86"}, "missing_lines": [74, 78, 79, 80, 81, 121, 125, 131, 143, 145, 167], "excluded_lines": [], "start_line": 41}, "autoedit._cancelled": {"executed_lines": [59, 60, 61, 62, 63, 64], "summary": {"covered_lines": 6, "num_statements": 6, "percent_covered": 100.0, "percent_covered_display": "100", "missing_lines": 0, "excluded_lines": 0, "percent_statements_covered": 100.0, "percent_statements_covered_display": "100"}, "missing_lines": [], "excluded_lines": [], "start_line": 58}, "_load_catalog": {"executed_lines": [], "summary": {"covered_lines": 0, "num_statements": 6, "percent_covered": 0.0, "percent_covered_display": "0", "missing_lines": 6, "excluded_lines": 0, "percent_statements_covered": 0.0, "percent_statements_covered_display": "0"}, "missing_lines": [183, 184, 185, 186, 187, 188], "excluded_lines": [], "start_line": 182}, "main": {"executed_lines": [], "summary": {"covered_lines": 0, "num_statements": 16, "percent_covered": 0.0, "percent_covered_display": "0", "missing_lines": 16, "excluded_lines": 0, "percent_statements_covered": 0.0, "percent_statements_covered_display": "0"}, "missing_lines": [192, 193, 195, 197, 198, 199, 201, 202, 203, 204, 205, 206, 208, 209, 210, 214], "excluded_lines": [], "start_line": 191}, "": {"executed_lines": [17, 19, 20, 21, 23, 24, 25, 26, 27, 28, 29, 30, 31, 33, 36, 41, 182, 191, 217], "summary": {"covered_lines": 19, "num_statements": 20, "percent_covered": 95.0, "percent_covered_display": "95", "missing_lines": 1, "excluded_lines": 0, "percent_statements_covered": 95.0, "percent_statements_covered_display": "95"}, "missing_lines": [218], "excluded_lines": [], "start_line": 1}}, "classes": {"": {"executed_lines": [17, 19, 20, 21, 23, 24, 25, 26, 27, 28, 29, 30, 31, 33, 36, 37, 38, 41, 54, 55, 56, 58, 59, 60, 61, 62, 63, 64, 65, 68, 69, 70, 73, 76, 77, 82, 83, 84, 85, 88, 89, 90, 91, 92, 95, 97, 99, 100, 102, 103, 104, 109, 113, 114, 118, 119, 120, 122, 123, 124, 127, 128, 129, 130, 132, 133, 134, 138, 139, 140, 142, 146, 147, 149, 150, 151, 153, 154, 155, 157, 161, 162, 166, 169, 170, 171, 172, 176, 177, 178, 179, 182, 191, 217], "summary": {"covered_lines": 94, "num_statements": 128, "percent_covered": 73.4375, "percent_covered_display": "73", "missing_lines": 34, "excluded_lines": 0, "percent_statements_covered": 73.4375, "percent_statements_covered_display": "73"}, "missing_lines": [74, 78, 79, 80, 81, 121, 125, 131, 143, 145, 167, 183, 184, 185, 186, 187, 188, 192, 193, 195, 197, 198, 199, 201, 202, 203, 204, 205, 206, 208, 209, 210, 214, 218], "excluded_lines": [], "start_line": 1}}}, "app\\pipeline\\builder.py": {"executed_lines": [6, 8, 9, 12, 16, 17, 18, 20, 21, 22, 23, 24, 25, 26, 27, 28, 38, 40, 41, 42, 47, 53, 55, 56, 57, 58, 59, 60, 61, 62, 63], "summary": {"covered_lines": 31, "num_statements": 31, "percent_covered": 100.0, "percent_covered_display": "100", "missing_lines": 0, "excluded_lines": 0, "percent_statements_covered": 100.0, "percent_statements_covered_display": "100"}, "missing_lines": [], "excluded_lines": [], "functions": {"build_timeline": {"executed_lines": [16, 17, 18, 20, 21, 22, 23, 24, 25, 26, 27, 28, 38, 40, 41, 42, 47], "summary": {"covered_lines": 17, "num_statements": 17, "percent_covered": 100.0, "percent_covered_display": "100", "missing_lines": 0, "excluded_lines": 0, "percent_statements_covered": 100.0, "percent_statements_covered_display": "100"}, "missing_lines": [], "excluded_lines": [], "start_line": 12}, "resolve_asset_ids": {"executed_lines": [55, 56, 57, 58, 59, 60, 61, 62, 63], "summary": {"covered_lines": 9, "num_statements": 9, "percent_covered": 100.0, "percent_covered_display": "100", "missing_lines": 0, "excluded_lines": 0, "percent_statements_covered": 100.0, "percent_statements_covered_display": "100"}, "missing_lines": [], "excluded_lines": [], "start_line": 53}, "": {"executed_lines": [6, 8, 9, 12, 53], "summary": {"covered_lines": 5, "num_statements": 5, "percent_covered": 100.0, "percent_covered_display": "100", "missing_lines": 0, "excluded_lines": 0, "percent_statements_covered": 100.0, "percent_statements_covered_display": "100"}, "missing_lines": [], "excluded_lines": [], "start_line": 1}}, "classes": {"": {"executed_lines": [6, 8, 9, 12, 16, 17, 18, 20, 21, 22, 23, 24, 25, 26, 27, 28, 38, 40, 41, 42, 47, 53, 55, 56, 57, 58, 59, 60, 61, 62, 63], "summary": {"covered_lines": 31, "num_statements": 31, "percent_covered": 100.0, "percent_covered_display": "100", "missing_lines": 0, "excluded_lines": 0, "percent_statements_covered": 100.0, "percent_statements_covered_display": "100"}, "missing_lines": [], "excluded_lines": [], "start_line": 1}}}, "app\\pipeline\\catalog.py": {"executed_lines": [3, 5, 16, 17, 18, 23, 24, 26, 27, 29, 31, 32, 33, 35, 36, 37, 38, 41, 48, 49, 50, 52, 53, 54, 55, 56, 58, 59, 60, 61, 62, 63, 64, 65, 66, 67, 70, 71, 75, 78, 79, 84, 85, 87, 88, 91, 114], "summary": {"covered_lines": 47, "num_statements": 57, "percent_covered": 82.45614035087719, "percent_covered_display": "82", "missing_lines": 10, "excluded_lines": 0, "percent_statements_covered": 82.45614035087719, "percent_statements_covered_display": "82"}, "missing_lines": [19, 20, 25, 28, 73, 80, 81, 82, 83, 86], "excluded_lines": [], "functions": {"_transcript_in": {"executed_lines": [17, 18], "summary": {"covered_lines": 2, "num_statements": 4, "percent_covered": 50.0, "percent_covered_display": "50", "missing_lines": 2, "excluded_lines": 0, "percent_statements_covered": 50.0, "percent_statements_covered_display": "50"}, "missing_lines": [19, 20], "excluded_lines": [], "start_line": 16}, "_audio_score": {"executed_lines": [24, 26, 27, 29, 31, 32, 33, 35, 36, 37, 38], "summary": {"covered_lines": 11, "num_statements": 13, "percent_covered": 84.61538461538461, "percent_covered_display": "85", "missing_lines": 2, "excluded_lines": 0, "percent_statements_covered": 84.61538461538461, "percent_statements_covered_display": "85"}, "missing_lines": [25, 28], "excluded_lines": [], "start_line": 23}, "build_catalog": {"executed_lines": [48, 49, 50, 52, 53, 54, 55, 56, 58, 59, 60, 61, 62, 63, 64, 65, 66, 67, 70, 71, 75, 78, 79, 84, 85, 87, 88, 91, 114], "summary": {"covered_lines": 29, "num_statements": 35, "percent_covered": 82.85714285714286, "percent_covered_display": "83", "missing_lines": 6, "excluded_lines": 0, "percent_statements_covered": 82.85714285714286, "percent_statements_covered_display": "83"}, "missing_lines": [73, 80, 81, 82, 83, 86], "excluded_lines": [], "start_line": 41}, "": {"executed_lines": [3, 5, 16, 23, 41], "summary": {"covered_lines": 5, "num_statements": 5, "percent_covered": 100.0, "percent_covered_display": "100", "missing_lines": 0, "excluded_lines": 0, "percent_statements_covered": 100.0, "percent_statements_covered_display": "100"}, "missing_lines": [], "excluded_lines": [], "start_line": 1}}, "classes": {"": {"executed_lines": [3, 5, 16, 17, 18, 23, 24, 26, 27, 29, 31, 32, 33, 35, 36, 37, 38, 41, 48, 49, 50, 52, 53, 54, 55, 56, 58, 59, 60, 61, 62, 63, 64, 65, 66, 67, 70, 71, 75, 78, 79, 84, 85, 87, 88, 91, 114], "summary": {"covered_lines": 47, "num_statements": 57, "percent_covered": 82.45614035087719, "percent_covered_display": "82", "missing_lines": 10, "excluded_lines": 0, "percent_statements_covered": 82.45614035087719, "percent_statements_covered_display": "82"}, "missing_lines": [19, 20, 25, 28, 73, 80, 81, 82, 83, 86], "excluded_lines": [], "start_line": 1}}}, "app\\pipeline\\conversational.py": {"executed_lines": [8, 10, 11, 12, 14, 16, 17, 19, 22, 23, 24, 25, 26, 27, 30, 35, 70, 71, 76, 107, 110, 111, 114, 115, 116, 117, 119, 120, 121, 126], "summary": {"covered_lines": 30, "num_statements": 44, "percent_covered": 68.18181818181819, "percent_covered_display": "68", "missing_lines": 14, "excluded_lines": 4, "percent_statements_covered": 68.18181818181819, "percent_statements_covered_display": "68"}, "missing_lines": [72, 73, 74, 77, 89, 98, 100, 101, 102, 103, 112, 127, 128, 129], "excluded_lines": [31, 32, 33, 34], "functions": {"CommandProvider.plan": {"executed_lines": [], "summary": {"covered_lines": 0, "num_statements": 0, "percent_covered": 100.0, "percent_covered_display": "100", "missing_lines": 0, "excluded_lines": 1, "percent_statements_covered": 100.0, "percent_statements_covered_display": "100"}, "missing_lines": [], "excluded_lines": [32], "start_line": 32}, "GeminiCommandProvider.__init__": {"executed_lines": [], "summary": {"covered_lines": 0, "num_statements": 3, "percent_covered": 0.0, "percent_covered_display": "0", "missing_lines": 3, "excluded_lines": 0, "percent_statements_covered": 0.0, "percent_statements_covered_display": "0"}, "missing_lines": [72, 73, 74], "excluded_lines": [], "start_line": 71}, "GeminiCommandProvider.plan": {"executed_lines": [], "summary": {"covered_lines": 0, "num_statements": 7, "percent_covered": 0.0, "percent_covered_display": "0", "missing_lines": 7, "excluded_lines": 0, "percent_statements_covered": 0.0, "percent_statements_covered_display": "0"}, "missing_lines": [77, 89, 98, 100, 101, 102, 103], "excluded_lines": [], "start_line": 76}, "execute_command": {"executed_lines": [110, 111, 114, 115, 116, 117, 119, 120, 121], "summary": {"covered_lines": 9, "num_statements": 10, "percent_covered": 90.0, "percent_covered_display": "90", "missing_lines": 1, "excluded_lines": 0, "percent_statements_covered": 90.0, "percent_statements_covered_display": "90"}, "missing_lines": [112], "excluded_lines": [], "start_line": 107}, "get_command_provider": {"executed_lines": [], "summary": {"covered_lines": 0, "num_statements": 3, "percent_covered": 0.0, "percent_covered_display": "0", "missing_lines": 3, "excluded_lines": 0, "percent_statements_covered": 0.0, "percent_statements_covered_display": "0"}, "missing_lines": [127, 128, 129], "excluded_lines": [], "start_line": 126}, "": {"executed_lines": [8, 10, 11, 12, 14, 16, 17, 19, 22, 23, 24, 25, 26, 27, 30, 35, 70, 71, 76, 107, 126], "summary": {"covered_lines": 21, "num_statements": 21, "percent_covered": 100.0, "percent_covered_display": "100", "missing_lines": 0, "excluded_lines": 3, "percent_statements_covered": 100.0, "percent_statements_covered_display": "100"}, "missing_lines": [], "excluded_lines": [31, 33, 34], "start_line": 1}}, "classes": {"CommandPlan": {"executed_lines": [], "summary": {"covered_lines": 0, "num_statements": 0, "percent_covered": 100.0, "percent_covered_display": "100", "missing_lines": 0, "excluded_lines": 0, "percent_statements_covered": 100.0, "percent_statements_covered_display": "100"}, "missing_lines": [], "excluded_lines": [], "start_line": 22}, "CommandProvider": {"executed_lines": [], "summary": {"covered_lines": 0, "num_statements": 0, "percent_covered": 100.0, "percent_covered_display": "100", "missing_lines": 0, "excluded_lines": 1, "percent_statements_covered": 100.0, "percent_statements_covered_display": "100"}, "missing_lines": [], "excluded_lines": [32], "start_line": 30}, "GeminiCommandProvider": {"executed_lines": [], "summary": {"covered_lines": 0, "num_statements": 10, "percent_covered": 0.0, "percent_covered_display": "0", "missing_lines": 10, "excluded_lines": 0, "percent_statements_covered": 0.0, "percent_statements_covered_display": "0"}, "missing_lines": [72, 73, 74, 77, 89, 98, 100, 101, 102, 103], "excluded_lines": [], "start_line": 70}, "": {"executed_lines": [8, 10, 11, 12, 14, 16, 17, 19, 22, 23, 24, 25, 26, 27, 30, 35, 70, 71, 76, 107, 110, 111, 114, 115, 116, 117, 119, 120, 121, 126], "summary": {"covered_lines": 30, "num_statements": 34, "percent_covered": 88.23529411764706, "percent_covered_display": "88", "missing_lines": 4, "excluded_lines": 3, "percent_statements_covered": 88.23529411764706, "percent_statements_covered_display": "88"}, "missing_lines": [112, 127, 128, 129], "excluded_lines": [31, 33, 34], "start_line": 1}}}, "app\\pipeline\\coverage.py": {"executed_lines": [6, 8, 10, 12, 27, 30, 31, 32, 33, 34, 35, 36, 39, 40, 41, 42, 43, 44, 47, 48, 49, 50, 51, 52, 53, 54, 55, 56, 57, 58, 59, 60, 61, 62, 63, 64, 65, 66, 67, 68, 69, 70, 71, 72, 73, 74, 75, 76, 77, 81, 82, 84, 85, 86, 87, 91, 93, 94, 95, 96, 97, 98, 100, 101, 102], "summary": {"covered_lines": 65, "num_statements": 67, "percent_covered": 97.01492537313433, "percent_covered_display": "97", "missing_lines": 2, "excluded_lines": 0, "percent_statements_covered": 97.01492537313433, "percent_statements_covered_display": "97"}, "missing_lines": [78, 99], "excluded_lines": [], "functions": {"_matches": {"executed_lines": [48, 49, 50, 51, 52, 53, 54, 55, 56, 57, 58, 59, 60, 61, 62, 63, 64, 65, 66, 67, 68, 69, 70, 71, 72, 73, 74, 75, 76, 77], "summary": {"covered_lines": 30, "num_statements": 31, "percent_covered": 96.7741935483871, "percent_covered_display": "97", "missing_lines": 1, "excluded_lines": 0, "percent_statements_covered": 96.7741935483871, "percent_statements_covered_display": "97"}, "missing_lines": [78], "excluded_lines": [], "start_line": 47}, "validate_coverage": {"executed_lines": [82, 84, 85, 86, 87, 91, 93, 94, 95, 96, 97, 98, 100, 101, 102], "summary": {"covered_lines": 15, "num_statements": 16, "percent_covered": 93.75, "percent_covered_display": "94", "missing_lines": 1, "excluded_lines": 0, "percent_statements_covered": 93.75, "percent_statements_covered_display": "94"}, "missing_lines": [99], "excluded_lines": [], "start_line": 81}, "": {"executed_lines": [6, 8, 10, 12, 27, 30, 31, 32, 33, 34, 35, 36, 39, 40, 41, 42, 43, 44, 47, 81], "summary": {"covered_lines": 20, "num_statements": 20, "percent_covered": 100.0, "percent_covered_display": "100", "missing_lines": 0, "excluded_lines": 0, "percent_statements_covered": 100.0, "percent_statements_covered_display": "100"}, "missing_lines": [], "excluded_lines": [], "start_line": 1}}, "classes": {"CoverageItem": {"executed_lines": [], "summary": {"covered_lines": 0, "num_statements": 0, "percent_covered": 100.0, "percent_covered_display": "100", "missing_lines": 0, "excluded_lines": 0, "percent_statements_covered": 100.0, "percent_statements_covered_display": "100"}, "missing_lines": [], "excluded_lines": [], "start_line": 30}, "CoverageReport": {"executed_lines": [], "summary": {"covered_lines": 0, "num_statements": 0, "percent_covered": 100.0, "percent_covered_display": "100", "missing_lines": 0, "excluded_lines": 0, "percent_statements_covered": 100.0, "percent_statements_covered_display": "100"}, "missing_lines": [], "excluded_lines": [], "start_line": 39}, "": {"executed_lines": [6, 8, 10, 12, 27, 30, 31, 32, 33, 34, 35, 36, 39, 40, 41, 42, 43, 44, 47, 48, 49, 50, 51, 52, 53, 54, 55, 56, 57, 58, 59, 60, 61, 62, 63, 64, 65, 66, 67, 68, 69, 70, 71, 72, 73, 74, 75, 76, 77, 81, 82, 84, 85, 86, 87, 91, 93, 94, 95, 96, 97, 98, 100, 101, 102], "summary": {"covered_lines": 65, "num_statements": 67, "percent_covered": 97.01492537313433, "percent_covered_display": "97", "missing_lines": 2, "excluded_lines": 0, "percent_statements_covered": 97.01492537313433, "percent_statements_covered_display": "97"}, "missing_lines": [78, 99], "excluded_lines": [], "start_line": 1}}}, "app\\pipeline\\critic.py": {"executed_lines": [4, 6, 7, 9, 11, 12, 14, 17, 18, 19, 20, 21, 22, 23, 26, 27, 28, 29, 30, 31, 32, 33, 34, 35, 36, 37, 38, 39, 40, 41, 44, 45, 47, 48, 52, 83, 84, 86, 91, 99, 137], "summary": {"covered_lines": 41, "num_statements": 67, "percent_covered": 61.19402985074627, "percent_covered_display": "61", "missing_lines": 26, "excluded_lines": 0, "percent_statements_covered": 61.19402985074627, "percent_statements_covered_display": "61"}, "missing_lines": [87, 88, 89, 93, 94, 95, 97, 101, 106, 116, 122, 123, 124, 125, 126, 127, 128, 129, 130, 131, 132, 133, 134, 138, 139, 140], "excluded_lines": [], "functions": {"CriticProvider.critique": {"executed_lines": [], "summary": {"covered_lines": 0, "num_statements": 0, "percent_covered": 100.0, "percent_covered_display": "100", "missing_lines": 0, "excluded_lines": 0, "percent_statements_covered": 100.0, "percent_statements_covered_display": "100"}, "missing_lines": [], "excluded_lines": [], "start_line": 48}, "GeminiCritic.__init__": {"executed_lines": [], "summary": {"covered_lines": 0, "num_statements": 3, "percent_covered": 0.0, "percent_covered_display": "0", "missing_lines": 3, "excluded_lines": 0, "percent_statements_covered": 0.0, "percent_statements_covered_display": "0"}, "missing_lines": [87, 88, 89], "excluded_lines": [], "start_line": 86}, "GeminiCritic.critique": {"executed_lines": [], "summary": {"covered_lines": 0, "num_statements": 4, "percent_covered": 0.0, "percent_covered_display": "0", "missing_lines": 4, "excluded_lines": 0, "percent_statements_covered": 0.0, "percent_statements_covered_display": "0"}, "missing_lines": [93, 94, 95, 97], "excluded_lines": [], "start_line": 91}, "GeminiCritic._critique_uploaded": {"executed_lines": [], "summary": {"covered_lines": 0, "num_statements": 16, "percent_covered": 0.0, "percent_covered_display": "0", "missing_lines": 16, "excluded_lines": 0, "percent_statements_covered": 0.0, "percent_statements_covered_display": "0"}, "missing_lines": [101, 106, 116, 122, 123, 124, 125, 126, 127, 128, 129, 130, 131, 132, 133, 134], "excluded_lines": [], "start_line": 99}, "get_critic": {"executed_lines": [], "summary": {"covered_lines": 0, "num_statements": 3, "percent_covered": 0.0, "percent_covered_display": "0", "missing_lines": 3, "excluded_lines": 0, "percent_statements_covered": 0.0, "percent_statements_covered_display": "0"}, "missing_lines": [138, 139, 140], "excluded_lines": [], "start_line": 137}, "": {"executed_lines": [4, 6, 7, 9, 11, 12, 14, 17, 18, 19, 20, 21, 22, 23, 26, 27, 28, 29, 30, 31, 32, 33, 34, 35, 36, 37, 38, 39, 40, 41, 44, 45, 47, 48, 52, 83, 84, 86, 91, 99, 137], "summary": {"covered_lines": 41, "num_statements": 41, "percent_covered": 100.0, "percent_covered_display": "100", "missing_lines": 0, "excluded_lines": 0, "percent_statements_covered": 100.0, "percent_statements_covered_display": "100"}, "missing_lines": [], "excluded_lines": [], "start_line": 1}}, "classes": {"RevisionRequest": {"executed_lines": [], "summary": {"covered_lines": 0, "num_statements": 0, "percent_covered": 100.0, "percent_covered_display": "100", "missing_lines": 0, "excluded_lines": 0, "percent_statements_covered": 100.0, "percent_statements_covered_display": "100"}, "missing_lines": [], "excluded_lines": [], "start_line": 17}, "CriticVerdict": {"executed_lines": [], "summary": {"covered_lines": 0, "num_statements": 0, "percent_covered": 100.0, "percent_covered_display": "100", "missing_lines": 0, "excluded_lines": 0, "percent_statements_covered": 100.0, "percent_statements_covered_display": "100"}, "missing_lines": [], "excluded_lines": [], "start_line": 26}, "CriticProvider": {"executed_lines": [], "summary": {"covered_lines": 0, "num_statements": 0, "percent_covered": 100.0, "percent_covered_display": "100", "missing_lines": 0, "excluded_lines": 0, "percent_statements_covered": 100.0, "percent_statements_covered_display": "100"}, "missing_lines": [], "excluded_lines": [], "start_line": 44}, "GeminiCritic": {"executed_lines": [], "summary": {"covered_lines": 0, "num_statements": 23, "percent_covered": 0.0, "percent_covered_display": "0", "missing_lines": 23, "excluded_lines": 0, "percent_statements_covered": 0.0, "percent_statements_covered_display": "0"}, "missing_lines": [87, 88, 89, 93, 94, 95, 97, 101, 106, 116, 122, 123, 124, 125, 126, 127, 128, 129, 130, 131, 132, 133, 134], "excluded_lines": [], "start_line": 83}, "": {"executed_lines": [4, 6, 7, 9, 11, 12, 14, 17, 18, 19, 20, 21, 22, 23, 26, 27, 28, 29, 30, 31, 32, 33, 34, 35, 36, 37, 38, 39, 40, 41, 44, 45, 47, 48, 52, 83, 84, 86, 91, 99, 137], "summary": {"covered_lines": 41, "num_statements": 44, "percent_covered": 93.18181818181819, "percent_covered_display": "93", "missing_lines": 3, "excluded_lines": 0, "percent_statements_covered": 93.18181818181819, "percent_statements_covered_display": "93"}, "missing_lines": [138, 139, 140], "excluded_lines": [], "start_line": 1}}}, "app\\pipeline\\gemini_common.py": {"executed_lines": [2, 4, 5, 6, 7, 9, 12, 20, 47, 57], "summary": {"covered_lines": 10, "num_statements": 38, "percent_covered": 26.31578947368421, "percent_covered_display": "26", "missing_lines": 28, "excluded_lines": 0, "percent_statements_covered": 26.31578947368421, "percent_statements_covered_display": "26"}, "missing_lines": [13, 14, 15, 16, 21, 22, 30, 31, 32, 33, 34, 35, 38, 39, 40, 41, 42, 43, 44, 50, 51, 52, 53, 54, 59, 63, 67, 68], "excluded_lines": [], "functions": {"http": {"executed_lines": [], "summary": {"covered_lines": 0, "num_statements": 4, "percent_covered": 0.0, "percent_covered_display": "0", "missing_lines": 4, "excluded_lines": 0, "percent_statements_covered": 0.0, "percent_statements_covered_display": "0"}, "missing_lines": [13, 14, 15, 16], "excluded_lines": [], "start_line": 12}, "upload_file": {"executed_lines": [], "summary": {"covered_lines": 0, "num_statements": 15, "percent_covered": 0.0, "percent_covered_display": "0", "missing_lines": 15, "excluded_lines": 0, "percent_statements_covered": 0.0, "percent_statements_covered_display": "0"}, "missing_lines": [21, 22, 30, 31, 32, 33, 34, 35, 38, 39, 40, 41, 42, 43, 44], "excluded_lines": [], "start_line": 20}, "delete_file": {"executed_lines": [], "summary": {"covered_lines": 0, "num_statements": 5, "percent_covered": 0.0, "percent_covered_display": "0", "missing_lines": 5, "excluded_lines": 0, "percent_statements_covered": 0.0, "percent_statements_covered_display": "0"}, "missing_lines": [50, 51, 52, 53, 54], "excluded_lines": [], "start_line": 47}, "generate_json": {"executed_lines": [], "summary": {"covered_lines": 0, "num_statements": 4, "percent_covered": 0.0, "percent_covered_display": "0", "missing_lines": 4, "excluded_lines": 0, "percent_statements_covered": 0.0, "percent_statements_covered_display": "0"}, "missing_lines": [59, 63, 67, 68], "excluded_lines": [], "start_line": 57}, "": {"executed_lines": [2, 4, 5, 6, 7, 9, 12, 20, 47, 57], "summary": {"covered_lines": 10, "num_statements": 10, "percent_covered": 100.0, "percent_covered_display": "100", "missing_lines": 0, "excluded_lines": 0, "percent_statements_covered": 100.0, "percent_statements_covered_display": "100"}, "missing_lines": [], "excluded_lines": [], "start_line": 1}}, "classes": {"": {"executed_lines": [2, 4, 5, 6, 7, 9, 12, 20, 47, 57], "summary": {"covered_lines": 10, "num_statements": 38, "percent_covered": 26.31578947368421, "percent_covered_display": "26", "missing_lines": 28, "excluded_lines": 0, "percent_statements_covered": 26.31578947368421, "percent_statements_covered_display": "26"}, "missing_lines": [13, 14, 15, 16, 21, 22, 30, 31, 32, 33, 34, 35, 38, 39, 40, 41, 42, 43, 44, 50, 51, 52, 53, 54, 59, 63, 67, 68], "excluded_lines": [], "start_line": 1}}}, "app\\pipeline\\mechanical.py": {"executed_lines": [9, 11, 12, 13, 15, 16, 18, 19, 27, 28, 31, 33, 34, 35, 36, 37, 38, 41, 42, 45, 46, 47, 48, 51, 52, 53, 54, 55, 56, 57, 58, 59, 61, 62, 63, 64, 65, 66, 67, 68, 69, 70, 71, 73, 74, 75, 76, 85, 86, 87, 89, 91, 92, 93, 94, 96, 100, 102, 104, 105, 106, 108, 109, 111, 126, 127, 128, 130, 132, 138, 141, 142, 144, 149, 151, 152, 153, 154, 155, 156, 157, 159, 160, 161, 162, 163, 164, 165, 166, 168], "summary": {"covered_lines": 90, "num_statements": 99, "percent_covered": 90.9090909090909, "percent_covered_display": "91", "missing_lines": 9, "excluded_lines": 0, "percent_statements_covered": 90.9090909090909, "percent_statements_covered_display": "91"}, "missing_lines": [60, 77, 83, 129, 133, 134, 135, 136, 143], "excluded_lines": [], "functions": {"_phash": {"executed_lines": [33, 34, 35, 36, 37, 38], "summary": {"covered_lines": 6, "num_statements": 6, "percent_covered": 100.0, "percent_covered_display": "100", "missing_lines": 0, "excluded_lines": 0, "percent_statements_covered": 100.0, "percent_statements_covered_display": "100"}, "missing_lines": [], "excluded_lines": [], "start_line": 31}, "_hamming": {"executed_lines": [42], "summary": {"covered_lines": 1, "num_statements": 1, "percent_covered": 100.0, "percent_covered_display": "100", "missing_lines": 0, "excluded_lines": 0, "percent_statements_covered": 100.0, "percent_statements_covered_display": "100"}, "missing_lines": [], "excluded_lines": [], "start_line": 41}, "mechanical_stage": {"executed_lines": [46, 47, 48, 51, 52, 53, 54, 55, 56, 57, 58, 59, 61, 62, 63, 64, 65, 66, 67, 68, 69, 70, 71, 73, 74, 75, 76, 85, 86, 87, 89, 91, 92, 93, 94, 96, 100, 102, 104, 105, 106, 108, 109, 111, 126, 127, 128, 130, 132, 138], "summary": {"covered_lines": 50, "num_statements": 58, "percent_covered": 86.20689655172414, "percent_covered_display": "86", "missing_lines": 8, "excluded_lines": 0, "percent_statements_covered": 86.20689655172414, "percent_statements_covered_display": "86"}, "missing_lines": [60, 77, 83, 129, 133, 134, 135, 136], "excluded_lines": [], "start_line": 45}, "audio_stage": {"executed_lines": [142, 144, 149, 151, 152, 153, 154, 155, 156, 157, 159, 160, 161, 162, 163, 164, 165, 166, 168], "summary": {"covered_lines": 19, "num_statements": 20, "percent_covered": 95.0, "percent_covered_display": "95", "missing_lines": 1, "excluded_lines": 0, "percent_statements_covered": 95.0, "percent_statements_covered_display": "95"}, "missing_lines": [143], "excluded_lines": [], "start_line": 141}, "": {"executed_lines": [9, 11, 12, 13, 15, 16, 18, 19, 27, 28, 31, 41, 45, 141], "summary": {"covered_lines": 14, "num_statements": 14, "percent_covered": 100.0, "percent_covered_display": "100", "missing_lines": 0, "excluded_lines": 0, "percent_statements_covered": 100.0, "percent_statements_covered_display": "100"}, "missing_lines": [], "excluded_lines": [], "start_line": 1}}, "classes": {"": {"executed_lines": [9, 11, 12, 13, 15, 16, 18, 19, 27, 28, 31, 33, 34, 35, 36, 37, 38, 41, 42, 45, 46, 47, 48, 51, 52, 53, 54, 55, 56, 57, 58, 59, 61, 62, 63, 64, 65, 66, 67, 68, 69, 70, 71, 73, 74, 75, 76, 85, 86, 87, 89, 91, 92, 93, 94, 96, 100, 102, 104, 105, 106, 108, 109, 111, 126, 127, 128, 130, 132, 138, 141, 142, 144, 149, 151, 152, 153, 154, 155, 156, 157, 159, 160, 161, 162, 163, 164, 165, 166, 168], "summary": {"covered_lines": 90, "num_statements": 99, "percent_covered": 90.9090909090909, "percent_covered_display": "91", "missing_lines": 9, "excluded_lines": 0, "percent_statements_covered": 90.9090909090909, "percent_statements_covered_display": "91"}, "missing_lines": [60, 77, 83, 129, 133, 134, 135, 136, 143], "excluded_lines": [], "start_line": 1}}}, "app\\pipeline\\media.py": {"executed_lines": [2, 4, 5, 6, 8, 9, 12, 13, 14, 17, 20, 21, 23, 24, 25, 26, 28, 29, 30, 31, 35, 36, 37, 40, 42, 57, 63, 64, 65, 66, 67, 70, 76, 77, 78, 84, 85, 92, 93], "summary": {"covered_lines": 39, "num_statements": 45, "percent_covered": 86.66666666666667, "percent_covered_display": "87", "missing_lines": 6, "excluded_lines": 0, "percent_statements_covered": 86.66666666666667, "percent_statements_covered_display": "87"}, "missing_lines": [15, 32, 33, 38, 39, 88], "excluded_lines": [], "functions": {"_run": {"executed_lines": [13, 14, 17], "summary": {"covered_lines": 3, "num_statements": 4, "percent_covered": 75.0, "percent_covered_display": "75", "missing_lines": 1, "excluded_lines": 0, "percent_statements_covered": 75.0, "percent_statements_covered_display": "75"}, "missing_lines": [15], "excluded_lines": [], "start_line": 12}, "probe_stage": {"executed_lines": [21, 23, 24, 25, 26, 28, 35, 36, 37, 40, 42], "summary": {"covered_lines": 11, "num_statements": 13, "percent_covered": 84.61538461538461, "percent_covered_display": "85", "missing_lines": 2, "excluded_lines": 0, "percent_statements_covered": 84.61538461538461, "percent_statements_covered_display": "85"}, "missing_lines": [38, 39], "excluded_lines": [], "start_line": 20}, "probe_stage.fps_of": {"executed_lines": [29, 30, 31], "summary": {"covered_lines": 3, "num_statements": 5, "percent_covered": 60.0, "percent_covered_display": "60", "missing_lines": 2, "excluded_lines": 0, "percent_statements_covered": 60.0, "percent_statements_covered_display": "60"}, "missing_lines": [32, 33], "excluded_lines": [], "start_line": 28}, "proxy_stage": {"executed_lines": [63, 64, 65, 66, 67, 70, 76, 77, 78, 84, 85, 92, 93], "summary": {"covered_lines": 13, "num_statements": 14, "percent_covered": 92.85714285714286, "percent_covered_display": "93", "missing_lines": 1, "excluded_lines": 0, "percent_statements_covered": 92.85714285714286, "percent_statements_covered_display": "93"}, "missing_lines": [88], "excluded_lines": [], "start_line": 57}, "": {"executed_lines": [2, 4, 5, 6, 8, 9, 12, 20, 57], "summary": {"covered_lines": 9, "num_statements": 9, "percent_covered": 100.0, "percent_covered_display": "100", "missing_lines": 0, "excluded_lines": 0, "percent_statements_covered": 100.0, "percent_statements_covered_display": "100"}, "missing_lines": [], "excluded_lines": [], "start_line": 1}}, "classes": {"": {"executed_lines": [2, 4, 5, 6, 8, 9, 12, 13, 14, 17, 20, 21, 23, 24, 25, 26, 28, 29, 30, 31, 35, 36, 37, 40, 42, 57, 63, 64, 65, 66, 67, 70, 76, 77, 78, 84, 85, 92, 93], "summary": {"covered_lines": 39, "num_statements": 45, "percent_covered": 86.66666666666667, "percent_covered_display": "87", "missing_lines": 6, "excluded_lines": 0, "percent_statements_covered": 86.66666666666667, "percent_statements_covered_display": "87"}, "missing_lines": [15, 32, 33, 38, 39, 88], "excluded_lines": [], "start_line": 1}}}, "app\\pipeline\\motion.py": {"executed_lines": [8, 10, 11, 13, 15, 16, 19, 20, 21, 22, 23, 25, 26, 27, 28, 29, 30, 31, 32, 33, 34, 36, 37, 38, 39, 40, 41, 42, 43, 45, 46, 47, 48, 52, 53, 55, 58, 59, 60, 61, 62, 63, 66, 67, 68, 69, 70, 72, 73, 74, 75, 76, 78, 82], "summary": {"covered_lines": 54, "num_statements": 57, "percent_covered": 94.73684210526316, "percent_covered_display": "95", "missing_lines": 3, "excluded_lines": 0, "percent_statements_covered": 94.73684210526316, "percent_statements_covered_display": "95"}, "missing_lines": [35, 49, 51], "excluded_lines": [], "functions": {"motion_stage": {"executed_lines": [20, 21, 22, 23, 25, 26, 27, 28, 29, 30, 31, 32, 33, 34, 36, 37, 38, 39, 40, 41, 42, 43, 45, 46, 47, 48, 52, 53, 55, 58, 59, 60, 61, 62, 63, 66, 67, 68, 69, 70, 72, 73, 74, 75, 76, 78, 82], "summary": {"covered_lines": 47, "num_statements": 50, "percent_covered": 94.0, "percent_covered_display": "94", "missing_lines": 3, "excluded_lines": 0, "percent_statements_covered": 94.0, "percent_statements_covered_display": "94"}, "missing_lines": [35, 49, 51], "excluded_lines": [], "start_line": 19}, "": {"executed_lines": [8, 10, 11, 13, 15, 16, 19], "summary": {"covered_lines": 7, "num_statements": 7, "percent_covered": 100.0, "percent_covered_display": "100", "missing_lines": 0, "excluded_lines": 0, "percent_statements_covered": 100.0, "percent_statements_covered_display": "100"}, "missing_lines": [], "excluded_lines": [], "start_line": 1}}, "classes": {"": {"executed_lines": [8, 10, 11, 13, 15, 16, 19, 20, 21, 22, 23, 25, 26, 27, 28, 29, 30, 31, 32, 33, 34, 36, 37, 38, 39, 40, 41, 42, 43, 45, 46, 47, 48, 52, 53, 55, 58, 59, 60, 61, 62, 63, 66, 67, 68, 69, 70, 72, 73, 74, 75, 76, 78, 82], "summary": {"covered_lines": 54, "num_statements": 57, "percent_covered": 94.73684210526316, "percent_covered_display": "95", "missing_lines": 3, "excluded_lines": 0, "percent_statements_covered": 94.73684210526316, "percent_statements_covered_display": "95"}, "missing_lines": [35, 49, 51], "excluded_lines": [], "start_line": 1}}}, "app\\pipeline\\planner.py": {"executed_lines": [8, 10, 11, 13, 15, 17, 20, 21, 22, 23, 24, 25, 26, 27, 28, 31, 32, 33, 34, 35, 36, 37, 38, 39, 40, 43, 44, 45, 48, 53, 54, 56, 57, 60, 61, 63, 64, 66, 67, 68, 69, 70, 72, 73, 75, 76, 77, 78, 80, 87], "summary": {"covered_lines": 50, "num_statements": 51, "percent_covered": 98.03921568627452, "percent_covered_display": "98", "missing_lines": 1, "excluded_lines": 0, "percent_statements_covered": 98.03921568627452, "percent_statements_covered_display": "98"}, "missing_lines": [71], "excluded_lines": [], "functions": {"load_template": {"executed_lines": [44, 45], "summary": {"covered_lines": 2, "num_statements": 2, "percent_covered": 100.0, "percent_covered_display": "100", "missing_lines": 0, "excluded_lines": 0, "percent_statements_covered": 100.0, "percent_statements_covered_display": "100"}, "missing_lines": [], "excluded_lines": [], "start_line": 43}, "plan_story": {"executed_lines": [53, 54, 56, 57, 60, 61, 63, 64, 66, 67, 68, 69, 70, 72, 73, 75, 76, 77, 78, 80, 87], "summary": {"covered_lines": 21, "num_statements": 22, "percent_covered": 95.45454545454545, "percent_covered_display": "95", "missing_lines": 1, "excluded_lines": 0, "percent_statements_covered": 95.45454545454545, "percent_statements_covered_display": "95"}, "missing_lines": [71], "excluded_lines": [], "start_line": 48}, "": {"executed_lines": [8, 10, 11, 13, 15, 17, 20, 21, 22, 23, 24, 25, 26, 27, 28, 31, 32, 33, 34, 35, 36, 37, 38, 39, 40, 43, 48], "summary": {"covered_lines": 27, "num_statements": 27, "percent_covered": 100.0, "percent_covered_display": "100", "missing_lines": 0, "excluded_lines": 0, "percent_statements_covered": 100.0, "percent_statements_covered_display": "100"}, "missing_lines": [], "excluded_lines": [], "start_line": 1}}, "classes": {"BeatPlan": {"executed_lines": [], "summary": {"covered_lines": 0, "num_statements": 0, "percent_covered": 100.0, "percent_covered_display": "100", "missing_lines": 0, "excluded_lines": 0, "percent_statements_covered": 100.0, "percent_statements_covered_display": "100"}, "missing_lines": [], "excluded_lines": [], "start_line": 20}, "StoryBlueprint": {"executed_lines": [], "summary": {"covered_lines": 0, "num_statements": 0, "percent_covered": 100.0, "percent_covered_display": "100", "missing_lines": 0, "excluded_lines": 0, "percent_statements_covered": 100.0, "percent_statements_covered_display": "100"}, "missing_lines": [], "excluded_lines": [], "start_line": 31}, "": {"executed_lines": [8, 10, 11, 13, 15, 17, 20, 21, 22, 23, 24, 25, 26, 27, 28, 31, 32, 33, 34, 35, 36, 37, 38, 39, 40, 43, 44, 45, 48, 53, 54, 56, 57, 60, 61, 63, 64, 66, 67, 68, 69, 70, 72, 73, 75, 76, 77, 78, 80, 87], "summary": {"covered_lines": 50, "num_statements": 51, "percent_covered": 98.03921568627452, "percent_covered_display": "98", "missing_lines": 1, "excluded_lines": 0, "percent_statements_covered": 98.03921568627452, "percent_statements_covered_display": "98"}, "missing_lines": [71], "excluded_lines": [], "start_line": 1}}}, "app\\pipeline\\preferences.py": {"executed_lines": [7, 9, 10, 11, 13, 16, 17, 18, 19, 20, 21, 22, 23, 24, 25, 26, 29, 32, 33, 35, 36, 37, 38, 40, 41, 43, 47, 48, 52, 71, 85, 93, 94, 95, 97, 98, 99, 101, 102, 105], "summary": {"covered_lines": 40, "num_statements": 51, "percent_covered": 78.43137254901961, "percent_covered_display": "78", "missing_lines": 11, "excluded_lines": 0, "percent_statements_covered": 78.43137254901961, "percent_statements_covered_display": "78"}, "missing_lines": [42, 49, 50, 53, 54, 55, 69, 72, 73, 96, 104], "excluded_lines": [], "functions": {"LocalCorrectionStore.__init__": {"executed_lines": [33], "summary": {"covered_lines": 1, "num_statements": 1, "percent_covered": 100.0, "percent_covered_display": "100", "missing_lines": 0, "excluded_lines": 0, "percent_statements_covered": 100.0, "percent_statements_covered_display": "100"}, "missing_lines": [], "excluded_lines": [], "start_line": 32}, "LocalCorrectionStore.record": {"executed_lines": [36, 37, 38], "summary": {"covered_lines": 3, "num_statements": 3, "percent_covered": 100.0, "percent_covered_display": "100", "missing_lines": 0, "excluded_lines": 0, "percent_statements_covered": 100.0, "percent_statements_covered_display": "100"}, "missing_lines": [], "excluded_lines": [], "start_line": 35}, "LocalCorrectionStore.load": {"executed_lines": [41, 43], "summary": {"covered_lines": 2, "num_statements": 3, "percent_covered": 66.66666666666667, "percent_covered_display": "67", "missing_lines": 1, "excluded_lines": 0, "percent_statements_covered": 66.66666666666667, "percent_statements_covered_display": "67"}, "missing_lines": [42], "excluded_lines": [], "start_line": 40}, "CloudCorrectionStore.__init__": {"executed_lines": [], "summary": {"covered_lines": 0, "num_statements": 2, "percent_covered": 0.0, "percent_covered_display": "0", "missing_lines": 2, "excluded_lines": 0, "percent_statements_covered": 0.0, "percent_statements_covered_display": "0"}, "missing_lines": [49, 50], "excluded_lines": [], "start_line": 48}, "CloudCorrectionStore.record": {"executed_lines": [], "summary": {"covered_lines": 0, "num_statements": 4, "percent_covered": 0.0, "percent_covered_display": "0", "missing_lines": 4, "excluded_lines": 0, "percent_statements_covered": 0.0, "percent_statements_covered_display": "0"}, "missing_lines": [53, 54, 55, 69], "excluded_lines": [], "start_line": 52}, "CloudCorrectionStore.load_for_user": {"executed_lines": [], "summary": {"covered_lines": 0, "num_statements": 2, "percent_covered": 0.0, "percent_covered_display": "0", "missing_lines": 2, "excluded_lines": 0, "percent_statements_covered": 0.0, "percent_statements_covered_display": "0"}, "missing_lines": [72, 73], "excluded_lines": [], "start_line": 71}, "weight_adjustments": {"executed_lines": [93, 94, 95, 97, 98, 99, 101, 102, 105], "summary": {"covered_lines": 9, "num_statements": 11, "percent_covered": 81.81818181818181, "percent_covered_display": "82", "missing_lines": 2, "excluded_lines": 0, "percent_statements_covered": 81.81818181818181, "percent_statements_covered_display": "82"}, "missing_lines": [96, 104], "excluded_lines": [], "start_line": 85}, "": {"executed_lines": [7, 9, 10, 11, 13, 16, 17, 18, 19, 20, 21, 22, 23, 24, 25, 26, 29, 32, 35, 40, 47, 48, 52, 71, 85], "summary": {"covered_lines": 25, "num_statements": 25, "percent_covered": 100.0, "percent_covered_display": "100", "missing_lines": 0, "excluded_lines": 0, "percent_statements_covered": 100.0, "percent_statements_covered_display": "100"}, "missing_lines": [], "excluded_lines": [], "start_line": 1}}, "classes": {"Correction": {"executed_lines": [], "summary": {"covered_lines": 0, "num_statements": 0, "percent_covered": 100.0, "percent_covered_display": "100", "missing_lines": 0, "excluded_lines": 0, "percent_statements_covered": 100.0, "percent_statements_covered_display": "100"}, "missing_lines": [], "excluded_lines": [], "start_line": 16}, "LocalCorrectionStore": {"executed_lines": [33, 36, 37, 38, 41, 43], "summary": {"covered_lines": 6, "num_statements": 7, "percent_covered": 85.71428571428571, "percent_covered_display": "86", "missing_lines": 1, "excluded_lines": 0, "percent_statements_covered": 85.71428571428571, "percent_statements_covered_display": "86"}, "missing_lines": [42], "excluded_lines": [], "start_line": 29}, "CloudCorrectionStore": {"executed_lines": [], "summary": {"covered_lines": 0, "num_statements": 8, "percent_covered": 0.0, "percent_covered_display": "0", "missing_lines": 8, "excluded_lines": 0, "percent_statements_covered": 0.0, "percent_statements_covered_display": "0"}, "missing_lines": [49, 50, 53, 54, 55, 69, 72, 73], "excluded_lines": [], "start_line": 47}, "": {"executed_lines": [7, 9, 10, 11, 13, 16, 17, 18, 19, 20, 21, 22, 23, 24, 25, 26, 29, 32, 35, 40, 47, 48, 52, 71, 85, 93, 94, 95, 97, 98, 99, 101, 102, 105], "summary": {"covered_lines": 34, "num_statements": 36, "percent_covered": 94.44444444444444, "percent_covered_display": "94", "missing_lines": 2, "excluded_lines": 0, "percent_statements_covered": 94.44444444444444, "percent_statements_covered_display": "94"}, "missing_lines": [96, 104], "excluded_lines": [], "start_line": 1}}}, "app\\pipeline\\revision.py": {"executed_lines": [5, 7, 8, 9, 12, 18, 19, 21, 22, 23, 25, 28, 30, 31, 33, 35, 36, 39, 43, 45, 46, 48, 51, 52, 64, 66, 67, 73, 80, 81, 82, 85, 86], "summary": {"covered_lines": 33, "num_statements": 47, "percent_covered": 70.2127659574468, "percent_covered_display": "70", "missing_lines": 14, "excluded_lines": 0, "percent_statements_covered": 70.2127659574468, "percent_statements_covered_display": "70"}, "missing_lines": [37, 44
[...]
executed_lines": [9, 11, 13, 15, 16, 18, 24, 25, 28, 41, 48, 56, 64], "summary": {"covered_lines": 13, "num_statements": 31, "percent_covered": 41.935483870967744, "percent_covered_display": "42", "missing_lines": 18, "excluded_lines": 0, "percent_statements_covered": 41.935483870967744, "percent_statements_covered_display": "42"}, "missing_lines": [30, 31, 32, 36, 37, 38, 42, 44, 45, 49, 53, 57, 59, 60, 61, 66, 67, 71], "excluded_lines": [], "functions": {"verify_user": {"executed_lines": [], "summary": {"covered_lines": 0, "num_statements": 6, "percent_covered": 0.0, "percent_covered_display": "0", "missing_lines": 6, "excluded_lines": 0, "percent_statements_covered": 0.0, "percent_statements_covered_display": "0"}, "missing_lines": [30, 31, 32, 36, 37, 38], "excluded_lines": [], "start_line": 28}, "db_select": {"executed_lines": [], "summary": {"covered_lines": 0, "num_statements": 3, "percent_covered": 0.0, "percent_covered_display": "0", "missing_lines": 3, "excluded_lines": 0, "percent_statements_covered": 0.0, "percent_statements_covered_display": "0"}, "missing_lines": [42, 44, 45], "excluded_lines": [], "start_line": 41}, "db_update": {"executed_lines": [], "summary": {"covered_lines": 0, "num_statements": 2, "percent_covered": 0.0, "percent_covered_display": "0", "missing_lines": 2, "excluded_lines": 0, "percent_statements_covered": 0.0, "percent_statements_covered_display": "0"}, "missing_lines": [49, 53], "excluded_lines": [], "start_line": 48}, "storage_download": {"executed_lines": [], "summary": {"covered_lines": 0, "num_statements": 4, "percent_covered": 0.0, "percent_covered_display": "0", "missing_lines": 4, "excluded_lines": 0, "percent_statements_covered": 0.0, "percent_statements_covered_display": "0"}, "missing_lines": [57, 59, 60, 61], "excluded_lines": [], "start_line": 56}, "storage_upload": {"executed_lines": [], "summary": {"covered_lines": 0, "num_statements": 3, "percent_covered": 0.0, "percent_covered_display": "0", "missing_lines": 3, "excluded_lines": 0, "percent_statements_covered": 0.0, "percent_statements_covered_display": "0"}, "missing_lines": [66, 67, 71], "excluded_lines": [], "start_line": 64}, "": {"executed_lines": [9, 11, 13, 15, 16, 18, 24, 25, 28, 41, 48, 56, 64], "summary": {"covered_lines": 13, "num_statements": 13, "percent_covered": 100.0, "percent_covered_display": "100", "missing_lines": 0, "excluded_lines": 0, "percent_statements_covered": 100.0, "percent_statements_covered_display": "100"}, "missing_lines": [], "excluded_lines": [], "start_line": 1}}, "classes": {"AuthError": {"executed_lines": [], "summary": {"covered_lines": 0, "num_statements": 0, "percent_covered": 100.0, "percent_covered_display": "100", "missing_lines": 0, "excluded_lines": 0, "percent_statements_covered": 100.0, "percent_statements_covered_display": "100"}, "missing_lines": [], "excluded_lines": [], "start_line": 24}, "": {"executed_lines": [9, 11, 13, 15, 16, 18, 24, 25, 28, 41, 48, 56, 64], "summary": {"covered_lines": 13, "num_statements": 31, "percent_covered": 41.935483870967744, "percent_covered_display": "42", "missing_lines": 18, "excluded_lines": 0, "percent_statements_covered": 41.935483870967744, "percent_statements_covered_display": "42"}, "missing_lines": [30, 31, 32, 36, 37, 38, 42, 44, 45, 49, 53, 57, 59, 60, 61, 66, 67, 71], "excluded_lines": [], "start_line": 1}}}, "app\\timeline.py": {"executed_lines": [8, 10, 12, 15, 16, 17, 18, 19, 20, 21, 22, 24, 25, 26, 27, 28, 29, 30, 33, 34, 35, 36, 37, 38, 39, 41, 42, 43, 45, 48, 49, 50, 51, 54, 55, 56, 57, 60, 63, 64, 65, 66, 67, 68, 69, 71, 72, 73, 74, 75, 76, 77, 80, 82, 83, 84, 85, 86, 87, 88, 89, 90, 91, 94, 102, 103, 104, 105, 106, 108, 109, 113, 114, 115, 116, 117, 118, 119], "summary": {"covered_lines": 78, "num_statements": 80, "percent_covered": 97.5, "percent_covered_display": "98", "missing_lines": 2, "excluded_lines": 0, "percent_statements_covered": 97.5, "percent_statements_covered_display": "98"}, "missing_lines": [44, 107], "excluded_lines": [], "functions": {"VideoClip._ranges": {"executed_lines": [26, 27, 28, 29, 30], "summary": {"covered_lines": 5, "num_statements": 5, "percent_covered": 100.0, "percent_covered_display": "100", "missing_lines": 0, "excluded_lines": 0, "percent_statements_covered": 100.0, "percent_statements_covered_display": "100"}, "missing_lines": [], "excluded_lines": [], "start_line": 25}, "TextClip._ranges": {"executed_lines": [43, 45], "summary": {"covered_lines": 2, "num_statements": 3, "percent_covered": 66.66666666666667, "percent_covered_display": "67", "missing_lines": 1, "excluded_lines": 0, "percent_statements_covered": 66.66666666666667, "percent_statements_covered_display": "67"}, "missing_lines": [44], "excluded_lines": [], "start_line": 42}, "Timeline._at_least_one_video_clip": {"executed_lines": [74, 75, 76, 77], "summary": {"covered_lines": 4, "num_statements": 4, "percent_covered": 100.0, "percent_covered_display": "100", "missing_lines": 0, "excluded_lines": 0, "percent_statements_covered": 100.0, "percent_statements_covered_display": "100"}, "missing_lines": [], "excluded_lines": [], "start_line": 73}, "plan_render": {"executed_lines": [102, 103, 104, 105, 106, 108, 109, 113, 114, 115, 116, 117, 118, 119], "summary": {"covered_lines": 14, "num_statements": 15, "percent_covered": 93.33333333333333, "percent_covered_display": "93", "missing_lines": 1, "excluded_lines": 0, "percent_statements_covered": 93.33333333333333, "percent_statements_covered_display": "93"}, "missing_lines": [107], "excluded_lines": [], "start_line": 94}, "": {"executed_lines": [8, 10, 12, 15, 16, 17, 18, 19, 20, 21, 22, 24, 25, 33, 34, 35, 36, 37, 38, 39, 41, 42, 48, 49, 50, 51, 54, 55, 56, 57, 60, 63, 64, 65, 66, 67, 68, 69, 71, 72, 73, 80, 82, 83, 84, 85, 86, 87, 88, 89, 90, 91, 94], "summary": {"covered_lines": 53, "num_statements": 53, "percent_covered": 100.0, "percent_covered_display": "100", "missing_lines": 0, "excluded_lines": 0, "percent_statements_covered": 100.0, "percent_statements_covered_display": "100"}, "missing_lines": [], "excluded_lines": [], "start_line": 1}}, "classes": {"VideoClip": {"executed_lines": [26, 27, 28, 29, 30], "summary": {"covered_lines": 5, "num_statements": 5, "percent_covered": 100.0, "percent_covered_display": "100", "missing_lines": 0, "excluded_lines": 0, "percent_statements_covered": 100.0, "percent_statements_covered_display": "100"}, "missing_lines": [], "excluded_lines": [], "start_line": 15}, "TextClip": {"executed_lines": [43, 45], "summary": {"covered_lines": 2, "num_statements": 3, "percent_covered": 66.66666666666667, "percent_covered_display": "67", "missing_lines": 1, "excluded_lines": 0, "percent_statements_covered": 66.66666666666667, "percent_statements_covered_display": "67"}, "missing_lines": [44], "excluded_lines": [], "start_line": 33}, "VideoTrack": {"executed_lines": [], "summary": {"covered_lines": 0, "num_statements": 0, "percent_covered": 100.0, "percent_covered_display": "100", "missing_lines": 0, "excluded_lines": 0, "percent_statements_covered": 100.0, "percent_statements_covered_display": "100"}, "missing_lines": [], "excluded_lines": [], "start_line": 48}, "TextTrack": {"executed_lines": [], "summary": {"covered_lines": 0, "num_statements": 0, "percent_covered": 100.0, "percent_covered_display": "100", "missing_lines": 0, "excluded_lines": 0, "percent_statements_covered": 100.0, "percent_statements_covered_display": "100"}, "missing_lines": [], "excluded_lines": [], "start_line": 54}, "Timeline": {"executed_lines": [74, 75, 76, 77], "summary": {"covered_lines": 4, "num_statements": 4, "percent_covered": 100.0, "percent_covered_display": "100", "missing_lines": 0, "excluded_lines": 0, "percent_statements_covered": 100.0, "percent_statements_covered_display": "100"}, "missing_lines": [], "excluded_lines": [], "start_line": 63}, "RenderPlan": {"executed_lines": [], "summary": {"covered_lines": 0, "num_statements": 0, "percent_covered": 100.0, "percent_covered_display": "100", "missing_lines": 0, "excluded_lines": 0, "percent_statements_covered": 100.0, "percent_statements_covered_display": "100"}, "missing_lines": [], "excluded_lines": [], "start_line": 80}, "": {"executed_lines": [8, 10, 12, 15, 16, 17, 18, 19, 20, 21, 22, 24, 25, 33, 34, 35, 36, 37, 38, 39, 41, 42, 48, 49, 50, 51, 54, 55, 56, 57, 60, 63, 64, 65, 66, 67, 68, 69, 71, 72, 73, 80, 82, 83, 84, 85, 86, 87, 88, 89, 90, 91, 94, 102, 103, 104, 105, 106, 108, 109, 113, 114, 115, 116, 117, 118, 119], "summary": {"covered_lines": 67, "num_statements": 68, "percent_covered": 98.52941176470588, "percent_covered_display": "99", "missing_lines": 1, "excluded_lines": 0, "percent_statements_covered": 98.52941176470588, "percent_statements_covered_display": "99"}, "missing_lines": [107], "excluded_lines": [], "start_line": 1}}}, "app\\timeline_ops.py": {"executed_lines": [8, 10, 11, 13, 15, 18, 19, 22, 23, 24, 25, 26, 27, 28, 29, 30, 31, 34, 35, 36, 37, 38, 39, 42, 43, 44, 45, 48, 49, 50, 51, 52, 55, 56, 57, 58, 61, 62, 63, 66, 67, 68, 69, 72, 73, 74, 75, 78, 79, 80, 81, 82, 83, 86, 87, 88, 89, 90, 91, 92, 95, 96, 97, 100, 105, 106, 107, 108, 109, 112, 113, 116, 117, 118, 120, 121, 122, 126, 128, 129, 130, 131, 132, 133, 134, 135, 136, 137, 138, 139, 140, 141, 142, 143, 146, 152, 153, 155, 159, 160, 161, 162, 163, 164, 177, 179, 180, 181, 183, 186, 188, 189, 190, 191, 194, 195, 196, 199, 200, 201, 202, 203, 206, 208, 209, 211, 212, 213, 214, 215, 216, 217, 219, 221, 223, 228, 234, 238, 239, 240, 241, 242, 243, 244, 245, 254, 259, 260, 261, 262, 265, 276, 277, 279, 280, 283, 290, 291, 292, 294, 296, 297, 298, 299], "summary": {"covered_lines": 164, "num_statements": 215, "percent_covered": 76.27906976744185, "percent_covered_display": "76", "missing_lines": 51, "excluded_lines": 0, "percent_statements_covered": 76.27906976744185, "percent_statements_covered_display": "76"}, "missing_lines": [119, 123, 156, 157, 165, 166, 167, 168, 169, 171, 172, 173, 174, 175, 178, 197, 198, 220, 222, 229, 230, 231, 232, 235, 236, 237, 246, 247, 248, 249, 250, 251, 252, 253, 255, 256, 257, 258, 263, 264, 266, 267, 268, 269, 270, 272, 278, 281, 282, 288, 289], "excluded_lines": [], "functions": {"_find_clip": {"executed_lines": [117, 118, 120, 121, 122], "summary": {"covered_lines": 5, "num_statements": 7, "percent_covered": 71.42857142857143, "percent_covered_display": "71", "missing_lines": 2, "excluded_lines": 0, "percent_statements_covered": 71.42857142857143, "percent_statements_covered_display": "71"}, "missing_lines": [119, 123], "excluded_lines": [], "start_line": 116}, "_recompute_timeline_positions": {"executed_lines": [128, 129, 130, 131, 132, 133, 134, 135, 136, 137, 138, 139, 140, 141, 142, 143], "summary": {"covered_lines": 16, "num_statements": 16, "percent_covered": 100.0, "percent_covered_display": "100", "missing_lines": 0, "excluded_lines": 0, "percent_statements_covered": 100.0, "percent_statements_covered_display": "100"}, "missing_lines": [], "excluded_lines": [], "start_line": 126}, "_op_targets_protected": {"executed_lines": [152, 153, 155, 159, 160, 161, 162, 163, 164, 177, 179, 180, 181, 183], "summary": {"covered_lines": 14, "num_statements": 25, "percent_covered": 56.0, "percent_covered_display": "56", "missing_lines": 11, "excluded_lines": 0, "percent_statements_covered": 56.0, "percent_statements_covered_display": "56"}, "missing_lines": [165, 166, 167, 168, 169, 171, 172, 173, 174, 175, 178], "excluded_lines": [], "start_line": 146}, "_op_targets_protected.overlaps": {"executed_lines": [], "summary": {"covered_lines": 0, "num_statements": 2, "percent_covered": 0.0, "percent_covered_display": "0", "missing_lines": 2, "excluded_lines": 0, "percent_statements_covered": 0.0, "percent_statements_covered_display": "0"}, "missing_lines": [156, 157], "excluded_lines": [], "start_line": 155}, "parse_operations": {"executed_lines": [188, 189, 190, 191, 194, 195, 196, 199, 200, 201, 202, 203], "summary": {"covered_lines": 12, "num_statements": 14, "percent_covered": 85.71428571428571, "percent_covered_display": "86", "missing_lines": 2, "excluded_lines": 0, "percent_statements_covered": 85.71428571428571, "percent_statements_covered_display": "86"}, "missing_lines": [197, 198], "excluded_lines": [], "start_line": 186}, "apply_operations": {"executed_lines": [208, 209, 211, 212, 213, 214, 215, 216, 217, 219, 221, 223, 228, 234, 238, 239, 240, 241, 242, 243, 244, 245, 254, 259, 260, 261, 262, 265, 276, 277, 279, 280, 283, 290, 291, 292, 294, 296, 297, 298, 299], "summary": {"covered_lines": 41, "num_statements": 75, "percent_covered": 54.666666666666664, "percent_covered_display": "55", "missing_lines": 34, "excluded_lines": 0, "percent_statements_covered": 54.666666666666664, "percent_statements_covered_display": "55"}, "missing_lines": [220, 222, 229, 230, 231, 232, 235, 236, 237, 246, 247, 248, 249, 250, 251, 252, 253, 255, 256, 257, 258, 263, 264, 266, 267, 268, 269, 270, 272, 278, 281, 282, 288, 289], "excluded_lines": [], "start_line": 206}, "": {"executed_lines": [8, 10, 11, 13, 15, 18, 19, 22, 23, 24, 25, 26, 27, 28, 29, 30, 31, 34, 35, 36, 37, 38, 39, 42, 43, 44, 45, 48, 49, 50, 51, 52, 55, 56, 57, 58, 61, 62, 63, 66, 67, 68, 69, 72, 73, 74, 75, 78, 79, 80, 81, 82, 83, 86, 87, 88, 89, 90, 91, 92, 95, 96, 97, 100, 105, 106, 107, 108, 109, 112, 113, 116, 126, 146, 186, 206], "summary": {"covered_lines": 76, "num_statements": 76, "percent_covered": 100.0, "percent_covered_display": "100", "missing_lines": 0, "excluded_lines": 0, "percent_statements_covered": 100.0, "percent_statements_covered_display": "100"}, "missing_lines": [], "excluded_lines": [], "start_line": 1}}, "classes": {"OpBase": {"executed_lines": [], "summary": {"covered_lines": 0, "num_statements": 0, "percent_covered": 100.0, "percent_covered_display": "100", "missing_lines": 0, "excluded_lines": 0, "percent_statements_covered": 100.0, "percent_statements_covered_display": "100"}, "missing_lines": [], "excluded_lines": [], "start_line": 18}, "InsertClip": {"executed_lines": [], "summary": {"covered_lines": 0, "num_statements": 0, "percent_covered": 100.0, "percent_covered_display": "100", "missing_lines": 0, "excluded_lines": 0, "percent_statements_covered": 100.0, "percent_statements_covered_display": "100"}, "missing_lines": [], "excluded_lines": [], "start_line": 22}, "ReplaceClip": {"executed_lines": [], "summary": {"covered_lines": 0, "num_statements": 0, "percent_covered": 100.0, "percent_covered_display": "100", "missing_lines": 0, "excluded_lines": 0, "percent_statements_covered": 100.0, "percent_statements_covered_display": "100"}, "missing_lines": [], "excluded_lines": [], "start_line": 34}, "MoveClip": {"executed_lines": [], "summary": {"covered_lines": 0, "num_statements": 0, "percent_covered": 100.0, "percent_covered_display": "100", "missing_lines": 0, "excluded_lines": 0, "percent_statements_covered": 100.0, "percent_statements_covered_display": "100"}, "missing_lines": [], "excluded_lines": [], "start_line": 42}, "TrimClip": {"executed_lines": [], "summary": {"covered_lines": 0, "num_statements": 0, "percent_covered": 100.0, "percent_covered_display": "100", "missing_lines": 0, "excluded_lines": 0, "percent_statements_covered": 100.0, "percent_statements_covered_display": "100"}, "missing_lines": [], "excluded_lines": [], "start_line": 48}, "SplitClip": {"executed_lines": [], "summary": {"covered_lines": 0, "num_statements": 0, "percent_covered": 100.0, "percent_covered_display": "100", "missing_lines": 0, "excluded_lines": 0, "percent_statements_covered": 100.0, "percent_statements_covered_display": "100"}, "missing_lines": [], "excluded_lines": [], "start_line": 55}, "DeleteClip": {"executed_lines": [], "summary": {"covered_lines": 0, "num_statements": 0, "percent_covered": 100.0, "percent_covered_display": "100", "missing_lines": 0, "excluded_lines": 0, "percent_statements_covered": 100.0, "percent_statements_covered_display": "100"}, "missing_lines": [], "excluded_lines": [], "start_line": 61}, "ChangeSpeed": {"executed_lines": [], "summary": {"covered_lines": 0, "num_statements": 0, "percent_covered": 100.0, "percent_covered_display": "100", "missing_lines": 0, "excluded_lines": 0, "percent_statements_covered": 100.0, "percent_statements_covered_display": "100"}, "missing_lines": [], "excluded_lines": [], "start_line": 66}, "ChangeVolume": {"executed_lines": [], "summary": {"covered_lines": 0, "num_statements": 0, "percent_covered": 100.0, "percent_covered_display": "100", "missing_lines": 0, "excluded_lines": 0, "percent_statements_covered": 100.0, "percent_statements_covered_display": "100"}, "missing_lines": [], "excluded_lines": [], "start_line": 72}, "AddTitle": {"executed_lines": [], "summary": {"covered_lines": 0, "num_statements": 0, "percent_covered": 100.0, "percent_covered_display": "100", "missing_lines": 0, "excluded_lines": 0, "percent_statements_covered": 100.0, "percent_statements_covered_display": "100"}, "missing_lines": [], "excluded_lines": [], "start_line": 78}, "AddCaption": {"executed_lines": [], "summary": {"covered_lines": 0, "num_statements": 0, "percent_covered": 100.0, "percent_covered_display": "100", "missing_lines": 0, "excluded_lines": 0, "percent_statements_covered": 100.0, "percent_statements_covered_display": "100"}, "missing_lines": [], "excluded_lines": [], "start_line": 86}, "DuckMusic": {"executed_lines": [], "summary": {"covered_lines": 0, "num_statements": 0, "percent_covered": 100.0, "percent_covered_display": "100", "missing_lines": 0, "excluded_lines": 0, "percent_statements_covered": 100.0, "percent_statements_covered_display": "100"}, "missing_lines": [], "excluded_lines": [], "start_line": 95}, "OpResult": {"executed_lines": [], "summary": {"covered_lines": 0, "num_statements": 0, "percent_covered": 100.0, "percent_covered_display": "100", "missing_lines": 0, "excluded_lines": 0, "percent_statements_covered": 100.0, "percent_statements_covered_display": "100"}, "missing_lines": [], "excluded_lines": [], "start_line": 105}, "OpError": {"executed_lines": [], "summary": {"covered_lines": 0, "num_statements": 0, "percent_covered": 100.0, "percent_covered_display": "100", "missing_lines": 0, "excluded_lines": 0, "percent_statements_covered": 100.0, "percent_statements_covered_display": "100"}, "missing_lines": [], "excluded_lines": [], "start_line": 112}, "": {"executed_lines": [8, 10, 11, 13, 15, 18, 19, 22, 23, 24, 25, 26, 27, 28, 29, 30, 31, 34, 35, 36, 37, 38, 39, 42, 43, 44, 45, 48, 49, 50, 51, 52, 55, 56, 57, 58, 61, 62, 63, 66, 67, 68, 69, 72, 73, 74, 75, 78, 79, 80, 81, 82, 83, 86, 87, 88, 89, 90, 91, 92, 95, 96, 97, 100, 105, 106, 107, 108, 109, 112, 113, 116, 117, 118, 120, 121, 122, 126, 128, 129, 130, 131, 132, 133, 134, 135, 136, 137, 138, 139, 140, 141, 142, 143, 146, 152, 153, 155, 159, 160, 161, 162, 163, 164, 177, 179, 180, 181, 183, 186, 188, 189, 190, 191, 194, 195, 196, 199, 200, 201, 202, 203, 206, 208, 209, 211, 212, 213, 214, 215, 216, 217, 219, 221, 223, 228, 234, 238, 239, 240, 241, 242, 243, 244, 245, 254, 259, 260, 261, 262, 265, 276, 277, 279, 280, 283, 290, 291, 292, 294, 296, 297, 298, 299], "summary": {"covered_lines": 164, "num_statements": 215, "percent_covered": 76.27906976744185, "percent_covered_display": "76", "missing_lines": 51, "excluded_lines": 0, "percent_statements_covered": 76.27906976744185, "percent_statements_covered_display": "76"}, "missing_lines": [119, 123, 156, 157, 165, 166, 167, 168, 169, 171, 172, 173, 174, 175, 178, 197, 198, 220, 222, 229, 230, 231, 232, 235, 236, 237, 246, 247, 248, 249, 250, 251, 252, 253, 255, 256, 257, 258, 263, 264, 266, 267, 268, 269, 270, 272, 278, 281, 282, 288, 289], "excluded_lines": [], "start_line": 1}}}}, "totals": {"covered_lines": 2172, "num_statements": 2684, "percent_covered": 80.92399403874813, "percent_covered_display": "81", "missing_lines": 512, "excluded_lines": 8, "percent_statements_covered": 80.92399403874813, "percent_statements_covered_display": "81"}}